{"numFailedTestSuites":0,"numFailedTests":0,"numPassedTestSuites":82,"numPassedTests":295,"numPendingTestSuites":0,"numPendingTests":0,"numRuntimeErrorTestSuites":0,"numTodoTests":0,"numTotalTestSuites":82,"numTotalTests":295,"openHandles":[],"snapshot":{"added":0,"didUpdate":false,"failure":false,"filesAdded":0,"filesRemoved":0,"filesRemovedList":[],"filesUnmatched":0,"filesUpdated":0,"matched":0,"total":0,"unchecked":0,"uncheckedKeysByFile":[],"unmatched":0,"updated":0},"startTime":1761555144591,"success":true,"testResults":[{"assertionResults":[{"ancestorTitles":["OrderStatus POST/PUT: reference validation"],"duration":10252,"failureDetails":[],"failureMessages":[],"fullName":"OrderStatus POST/PUT: reference validation POST invalid notify reference → 400 INVALID_REFERENCE","invocations":1,"location":null,"numPassingAsserts":5,"retryReasons":[],"status":"passed","title":"POST invalid notify reference → 400 INVALID_REFERENCE"},{"ancestorTitles":["OrderStatus POST/PUT: reference validation"],"duration":10159,"failureDetails":[],"failureMessages":[],"fullName":"OrderStatus POST/PUT: reference validation POST valid notify reference (DEV store by id) → 201","invocations":1,"location":null,"numPassingAsserts":2,"retryReasons":[],"status":"passed","title":"POST valid notify reference (DEV store by id) → 201"},{"ancestorTitles":["OrderStatus POST/PUT: reference validation"],"duration":10125,"failureDetails":[],"failureMessages":[],"fullName":"OrderStatus POST/PUT: reference validation PUT invalid print reference → 400 INVALID_REFERENCE","invocations":1,"location":null,"numPassingAsserts":5,"retryReasons":[],"status":"passed","title":"PUT invalid print reference → 400 INVALID_REFERENCE"},{"ancestorTitles":["OrderStatus POST/PUT: reference validation"],"duration":10088,"failureDetails":[],"failureMessages":[],"fullName":"OrderStatus POST/PUT: reference validation PUT valid print reference (DEV store by code) → 200","invocations":1,"location":null,"numPassingAsserts":2,"retryReasons":[],"status":"passed","title":"PUT valid print reference (DEV store by code) → 200"}],"endTime":1761555185465,"message":"","name":"/Users/admin/character crm/tests/statuses.references.test.js","startTime":1761555144620,"status":"passed","summary":""},{"assertionResults":[{"ancestorTitles":["scripts/migrateOrderStatuses.js"],"duration":588,"failureDetails":[],"failureMessages":[],"fullName":"scripts/migrateOrderStatuses.js Idempotency: fills gaps and second run updated=0","invocations":1,"location":null,"numPassingAsserts":16,"retryReasons":[],"status":"passed","title":"Idempotency: fills gaps and second run updated=0"},{"ancestorTitles":["scripts/migrateOrderStatuses.js"],"duration":427,"failureDetails":[],"failureMessages":[],"fullName":"scripts/migrateOrderStatuses.js Unknown statuses without mapping → reported, no closed/payments changes; with mapping → closed.success=true","invocations":1,"location":null,"numPassingAsserts":9,"retryReasons":[],"status":"passed","title":"Unknown statuses without mapping → reported, no closed/payments changes; with mapping → closed.success=true"},{"ancestorTitles":["scripts/migrateOrderStatuses.js"],"duration":268,"failureDetails":[],"failureMessages":[],"fullName":"scripts/migrateOrderStatuses.js Closed-fail sets paymentsLocked=true when closed empty","invocations":1,"location":null,"numPassingAsserts":3,"retryReasons":[],"status":"passed","title":"Closed-fail sets paymentsLocked=true when closed empty"}],"endTime":1761555188505,"message":"","name":"/Users/admin/character crm/tests/migrateOrderStatuses.test.js","startTime":1761555185485,"status":"passed","summary":""},{"assertionResults":[{"ancestorTitles":["Load: Queue + TTL Cache perf"],"duration":1917,"failureDetails":[],"failureMessages":[],"fullName":"Load: Queue + TTL Cache perf 10k смен статусов с авто-действиями, метрики и TTL-кэш","invocations":1,"location":null,"numPassingAsserts":4,"retryReasons":[],"status":"passed","title":"10k смен статусов с авто-действиями, метрики и TTL-кэш"}],"endTime":1761555190693,"message":"","name":"/Users/admin/character crm/tests/load/queues.cache.perf.test.js","startTime":1761555188507,"status":"passed","summary":""},{"assertionResults":[{"ancestorTitles":["statusActionQueue behavior (e2e, DEV mem-queue)"],"duration":377,"failureDetails":[],"failureMessages":[],"fullName":"statusActionQueue behavior (e2e, DEV mem-queue) idempotency: same status change twice -> one job by jobId","invocations":1,"location":null,"numPassingAsserts":2,"retryReasons":[],"status":"passed","title":"idempotency: same status change twice -> one job by jobId"},{"ancestorTitles":["statusActionQueue behavior (e2e, DEV mem-queue)"],"duration":1315,"failureDetails":[],"failureMessages":[],"fullName":"statusActionQueue behavior (e2e, DEV mem-queue) retry/backoff: force notify/print fail -> attempts counted and in failedLastN","invocations":1,"location":null,"numPassingAsserts":5,"retryReasons":[],"status":"passed","title":"retry/backoff: force notify/print fail -> attempts counted and in failedLastN"},{"ancestorTitles":["statusActionQueue behavior (e2e, DEV mem-queue)"],"duration":153,"failureDetails":[],"failureMessages":[],"fullName":"statusActionQueue behavior (e2e, DEV mem-queue) mini load: 100 orders × 2 actions -> no sticking, all completed","invocations":1,"location":null,"numPassingAsserts":6,"retryReasons":[],"status":"passed","title":"mini load: 100 orders × 2 actions -> no sticking, all completed"}],"endTime":1761555209949,"message":"","name":"/Users/admin/character crm/tests/queue.statusActions.behavior.e2e.test.js","startTime":1761555207982,"status":"passed","summary":""},{"assertionResults":[{"ancestorTitles":["API Contracts: /api/payments","DEV branch"],"duration":76,"failureDetails":[],"failureMessages":[],"fullName":"API Contracts: /api/payments DEV branch POST /api/payments (create) returns valid response","invocations":1,"location":null,"numPassingAsserts":0,"retryReasons":[],"status":"passed","title":"POST /api/payments (create) returns valid response"},{"ancestorTitles":["API Contracts: /api/payments","DEV branch"],"duration":76,"failureDetails":[],"failureMessages":[],"fullName":"API Contracts: /api/payments DEV branch POST /api/payments/refund returns valid response","invocations":1,"location":null,"numPassingAsserts":0,"retryReasons":[],"status":"passed","title":"POST /api/payments/refund returns valid response"},{"ancestorTitles":["API Contracts: /api/payments","DEV branch"],"duration":61,"failureDetails":[],"failureMessages":[],"fullName":"API Contracts: /api/payments DEV branch POST /api/payments validates required fields","invocations":1,"location":null,"numPassingAsserts":1,"retryReasons":[],"status":"passed","title":"POST /api/payments validates required fields"},{"ancestorTitles":["API Contracts: /api/payments","Mongo branch"],"duration":89,"failureDetails":[],"failureMessages":[],"fullName":"API Contracts: /api/payments Mongo branch order not found returns 404","invocations":1,"location":null,"numPassingAsserts":1,"retryReasons":[],"status":"passed","title":"order not found returns 404"},{"ancestorTitles":["API Contracts: /api/payments","Mongo branch"],"duration":61,"failureDetails":[],"failureMessages":[],"fullName":"API Contracts: /api/payments Mongo branch create payment succeeds when order open and unlocked","invocations":1,"location":null,"numPassingAsserts":0,"retryReasons":[],"status":"passed","title":"create payment succeeds when order open and unlocked"},{"ancestorTitles":["API Contracts: /api/payments","Mongo branch"],"duration":65,"failureDetails":[],"failureMessages":[],"fullName":"API Contracts: /api/payments Mongo branch create payment blocked when paymentsLocked","invocations":1,"location":null,"numPassingAsserts":1,"retryReasons":[],"status":"passed","title":"create payment blocked when paymentsLocked"},{"ancestorTitles":["API Contracts: /api/payments","Mongo branch"],"duration":75,"failureDetails":[],"failureMessages":[],"fullName":"API Contracts: /api/payments Mongo branch refund blocked when order closed","invocations":1,"location":null,"numPassingAsserts":1,"retryReasons":[],"status":"passed","title":"refund blocked when order closed"},{"ancestorTitles":["API Contracts: /api/payments","Mongo branch"],"duration":54,"failureDetails":[],"failureMessages":[],"fullName":"API Contracts: /api/payments Mongo branch RBAC requires Finance or Admin","invocations":1,"location":null,"numPassingAsserts":1,"retryReasons":[],"status":"passed","title":"RBAC requires Finance or Admin"}],"endTime":1761555210658,"message":"","name":"/Users/admin/character crm/tests/api.contracts.payments.test.js","startTime":1761555210019,"status":"passed","summary":""},{"assertionResults":[{"ancestorTitles":["Payments Business Rules (refund/lock)"],"duration":56,"failureDetails":[],"failureMessages":[],"fullName":"Payments Business Rules (refund/lock) refund creates type=refund; totals reflect negative effect","invocations":1,"location":null,"numPassingAsserts":7,"retryReasons":[],"status":"passed","title":"refund creates type=refund; totals reflect negative effect"},{"ancestorTitles":["Payments Business Rules (refund/lock)"],"duration":15,"failureDetails":[],"failureMessages":[],"fullName":"Payments Business Rules (refund/lock) PATCH cannot change locked via payload; lock endpoint works","invocations":1,"location":null,"numPassingAsserts":3,"retryReasons":[],"status":"passed","title":"PATCH cannot change locked via payload; lock endpoint works"}],"endTime":1761555210767,"message":"","name":"/Users/admin/character crm/tests/payments.rules.e2e.test.js","startTime":1761555210663,"status":"passed","summary":""},{"assertionResults":[{"ancestorTitles":["Stocks v2 e2e: RBAC + adjust + transfer"],"duration":87,"failureDetails":[],"failureMessages":[],"fullName":"Stocks v2 e2e: RBAC + adjust + transfer GET /api/stocks without role → 403","invocations":1,"location":null,"numPassingAsserts":1,"retryReasons":[],"status":"passed","title":"GET /api/stocks without role → 403"},{"ancestorTitles":["Stocks v2 e2e: RBAC + adjust + transfer"],"duration":55,"failureDetails":[],"failureMessages":[],"fullName":"Stocks v2 e2e: RBAC + adjust + transfer GET /api/stocks with Admin → 200 and ok:true","invocations":1,"location":null,"numPassingAsserts":3,"retryReasons":[],"status":"passed","title":"GET /api/stocks with Admin → 200 and ok:true"},{"ancestorTitles":["Stocks v2 e2e: RBAC + adjust + transfer"],"duration":67,"failureDetails":[],"failureMessages":[],"fullName":"Stocks v2 e2e: RBAC + adjust + transfer Feature flag disabled → 404 STOCKS_DISABLED","invocations":1,"location":null,"numPassingAsserts":2,"retryReasons":[],"status":"passed","title":"Feature flag disabled → 404 STOCKS_DISABLED"},{"ancestorTitles":["Stocks v2 e2e: RBAC + adjust + transfer"],"duration":77,"failureDetails":[],"failureMessages":[],"fullName":"Stocks v2 e2e: RBAC + adjust + transfer POST /api/stocks/adjust with Admin → increments balance","invocations":1,"location":null,"numPassingAsserts":4,"retryReasons":[],"status":"passed","title":"POST /api/stocks/adjust with Admin → increments balance"},{"ancestorTitles":["Stocks v2 e2e: RBAC + adjust + transfer"],"duration":60,"failureDetails":[],"failureMessages":[],"fullName":"Stocks v2 e2e: RBAC + adjust + transfer POST /api/stocks/adjust negative beyond zero → 409","invocations":1,"location":null,"numPassingAsserts":2,"retryReasons":[],"status":"passed","title":"POST /api/stocks/adjust negative beyond zero → 409"},{"ancestorTitles":["Stocks v2 e2e: RBAC + adjust + transfer"],"duration":62,"failureDetails":[],"failureMessages":[],"fullName":"Stocks v2 e2e: RBAC + adjust + transfer POST /api/stocks/transfer with Admin → moves stock between locations","invocations":1,"location":null,"numPassingAsserts":5,"retryReasons":[],"status":"passed","title":"POST /api/stocks/transfer with Admin → moves stock between locations"},{"ancestorTitles":["Stocks v2 e2e: RBAC + adjust + transfer"],"duration":74,"failureDetails":[],"failureMessages":[],"fullName":"Stocks v2 e2e: RBAC + adjust + transfer RBAC: Manager cannot adjust or transfer → 403","invocations":1,"location":null,"numPassingAsserts":2,"retryReasons":[],"status":"passed","title":"RBAC: Manager cannot adjust or transfer → 403"}],"endTime":1761555211289,"message":"","name":"/Users/admin/character crm/tests/e2e/stocks.v2.rbac.e2e.test.js","startTime":1761555210770,"status":"passed","summary":""},{"assertionResults":[{"ancestorTitles":["API Contracts: /api/cash","DEV branch"],"duration":65,"failureDetails":[],"failureMessages":[],"fullName":"API Contracts: /api/cash DEV branch GET /api/cash returns valid list shape","invocations":1,"location":null,"numPassingAsserts":0,"retryReasons":[],"status":"passed","title":"GET /api/cash returns valid list shape"},{"ancestorTitles":["API Contracts: /api/cash","DEV branch"],"duration":54,"failureDetails":[],"failureMessages":[],"fullName":"API Contracts: /api/cash DEV branch POST /api/cash (create) returns valid item shape","invocations":1,"location":null,"numPassingAsserts":0,"retryReasons":[],"status":"passed","title":"POST /api/cash (create) returns valid item shape"},{"ancestorTitles":["API Contracts: /api/cash","DEV branch"],"duration":75,"failureDetails":[],"failureMessages":[],"fullName":"API Contracts: /api/cash DEV branch PATCH /api/cash/:id returns valid item shape","invocations":1,"location":null,"numPassingAsserts":0,"retryReasons":[],"status":"passed","title":"PATCH /api/cash/:id returns valid item shape"},{"ancestorTitles":["API Contracts: /api/cash","DEV branch"],"duration":51,"failureDetails":[],"failureMessages":[],"fullName":"API Contracts: /api/cash DEV branch POST /api/cash validates required fields","invocations":1,"location":null,"numPassingAsserts":1,"retryReasons":[],"status":"passed","title":"POST /api/cash validates required fields"},{"ancestorTitles":["API Contracts: /api/cash","Mongo branch (mocked model)"],"duration":55,"failureDetails":[],"failureMessages":[],"fullName":"API Contracts: /api/cash Mongo branch (mocked model) POST /api/cash returns valid item shape (mocked model)","invocations":1,"location":null,"numPassingAsserts":0,"retryReasons":[],"status":"passed","title":"POST /api/cash returns valid item shape (mocked model)"},{"ancestorTitles":["API Contracts: /api/cash","Mongo branch (mocked model)"],"duration":69,"failureDetails":[],"failureMessages":[],"fullName":"API Contracts: /api/cash Mongo branch (mocked model) GET /api/cash returns valid list shape (mocked model)","invocations":1,"location":null,"numPassingAsserts":0,"retryReasons":[],"status":"passed","title":"GET /api/cash returns valid list shape (mocked model)"}],"endTime":1761555211708,"message":"","name":"/Users/admin/character crm/tests/api.contracts.cash.test.js","startTime":1761555211295,"status":"passed","summary":""},{"assertionResults":[{"ancestorTitles":["E2E: перемещение между локациями"],"duration":1,"failureDetails":[],"failureMessages":[],"fullName":"E2E: перемещение между локациями перемещение переносит количество и создаёт оперцию transfer; инварианты","invocations":1,"location":null,"numPassingAsserts":10,"retryReasons":[],"status":"passed","title":"перемещение переносит количество и создаёт оперцию transfer; инварианты"},{"ancestorTitles":["E2E: перемещение между локациями"],"duration":1,"failureDetails":[],"failureMessages":[],"fullName":"E2E: перемещение между локациями ошибка при недостатке на исходной локации","invocations":1,"location":null,"numPassingAsserts":1,"retryReasons":[],"status":"passed","title":"ошибка при недостатке на исходной локации"}],"endTime":1761555211755,"message":"","name":"/Users/admin/character crm/tests/e2e/stocks.transfer.e2e.test.js","startTime":1761555211711,"status":"passed","summary":""},{"assertionResults":[{"ancestorTitles":["GET /api/queue/status-actions/metrics (e2e, DEV mem-queue)"],"duration":287,"failureDetails":[],"failureMessages":[],"fullName":"GET /api/queue/status-actions/metrics (e2e, DEV mem-queue) failed jobs increase metrics and trigger WARNING","invocations":1,"location":null,"numPassingAsserts":5,"retryReasons":[],"status":"passed","title":"failed jobs increase metrics and trigger WARNING"}],"endTime":1761555212074,"message":"","name":"/Users/admin/character crm/tests/queue.statusActions.metrics.e2e.test.js","startTime":1761555211759,"status":"passed","summary":""},{"assertionResults":[{"ancestorTitles":["services/paymentsService"],"duration":36,"failureDetails":[],"failureMessages":[],"fullName":"services/paymentsService createPayment: success with defaults and env DEFAULT_CASH_REGISTER","invocations":1,"location":null,"numPassingAsserts":9,"retryReasons":[],"status":"passed","title":"createPayment: success with defaults and env DEFAULT_CASH_REGISTER"},{"ancestorTitles":["services/paymentsService"],"duration":52,"failureDetails":[],"failureMessages":[],"fullName":"services/paymentsService createPayment: VALIDATION_ERROR on non-positive amount","invocations":1,"location":null,"numPassingAsserts":1,"retryReasons":[],"status":"passed","title":"createPayment: VALIDATION_ERROR on non-positive amount"},{"ancestorTitles":["services/paymentsService"],"duration":31,"failureDetails":[],"failureMessages":[],"fullName":"services/paymentsService createPayment: refund uses default articlePath [\"Возвраты\"]","invocations":1,"location":null,"numPassingAsserts":3,"retryReasons":[],"status":"passed","title":"createPayment: refund uses default articlePath [\"Возвраты\"]"},{"ancestorTitles":["services/paymentsService"],"duration":28,"failureDetails":[],"failureMessages":[],"fullName":"services/paymentsService updatePayment: strict lock (CASH_LOCK_STRICT=1) forbids update","invocations":1,"location":null,"numPassingAsserts":1,"retryReasons":[],"status":"passed","title":"updatePayment: strict lock (CASH_LOCK_STRICT=1) forbids update"},{"ancestorTitles":["services/paymentsService"],"duration":28,"failureDetails":[],"failureMessages":[],"fullName":"services/paymentsService updatePayment: forbids changing type and lock flags","invocations":1,"location":null,"numPassingAsserts":2,"retryReasons":[],"status":"passed","title":"updatePayment: forbids changing type and lock flags"},{"ancestorTitles":["services/paymentsService"],"duration":49,"failureDetails":[],"failureMessages":[],"fullName":"services/paymentsService refundPayment: disabled by env PAYMENTS_REFUND_ENABLED=0","invocations":1,"location":null,"numPassingAsserts":1,"retryReasons":[],"status":"passed","title":"refundPayment: disabled by env PAYMENTS_REFUND_ENABLED=0"},{"ancestorTitles":["services/paymentsService"],"duration":31,"failureDetails":[],"failureMessages":[],"fullName":"services/paymentsService lockPayment: sets flags and writes audit","invocations":1,"location":null,"numPassingAsserts":6,"retryReasons":[],"status":"passed","title":"lockPayment: sets flags and writes audit"}],"endTime":1761555212353,"message":"","name":"/Users/admin/character crm/tests/paymentsService.unit.test.js","startTime":1761555212082,"status":"passed","summary":""},{"assertionResults":[{"ancestorTitles":["API Contracts: Stock Items & Movements","DEV branch"],"duration":82,"failureDetails":[],"failureMessages":[],"fullName":"API Contracts: Stock Items & Movements DEV branch RBAC: Manager forbidden to read/write warehouse","invocations":1,"location":null,"numPassingAsserts":0,"retryReasons":[],"status":"passed","title":"RBAC: Manager forbidden to read/write warehouse"},{"ancestorTitles":["API Contracts: Stock Items & Movements","DEV branch"],"duration":96,"failureDetails":[],"failureMessages":[],"fullName":"API Contracts: Stock Items & Movements DEV branch Items: list and create adhere to schema","invocations":1,"location":null,"numPassingAsserts":2,"retryReasons":[],"status":"passed","title":"Items: list and create adhere to schema"},{"ancestorTitles":["API Contracts: Stock Items & Movements","DEV branch"],"duration":65,"failureDetails":[],"failureMessages":[],"fullName":"API Contracts: Stock Items & Movements DEV branch Movements: receipt → issue → adjust adhere to schema and update balances","invocations":1,"location":null,"numPassingAsserts":8,"retryReasons":[],"status":"passed","title":"Movements: receipt → issue → adjust adhere to schema and update balances"}],"endTime":1761555212651,"message":"","name":"/Users/admin/character crm/tests/api.contracts.stock.test.js","startTime":1761555212359,"status":"passed","summary":""},{"assertionResults":[{"ancestorTitles":["API Contracts: Templates CRUD","DEV branch"],"duration":68,"failureDetails":[],"failureMessages":[],"fullName":"API Contracts: Templates CRUD DEV branch Notify: list and create adhere to schema","invocations":1,"location":null,"numPassingAsserts":1,"retryReasons":[],"status":"passed","title":"Notify: list and create adhere to schema"},{"ancestorTitles":["API Contracts: Templates CRUD","DEV branch"],"duration":77,"failureDetails":[],"failureMessages":[],"fullName":"API Contracts: Templates CRUD DEV branch Doc: list/create/get/patch/delete adhere to schema","invocations":1,"location":null,"numPassingAsserts":1,"retryReasons":[],"status":"passed","title":"Doc: list/create/get/patch/delete adhere to schema"},{"ancestorTitles":["API Contracts: Templates CRUD","Mongo branch"],"duration":20,"failureDetails":[],"failureMessages":[],"fullName":"API Contracts: Templates CRUD Mongo branch Notify: list/create/get/patch/delete adhere to schema","invocations":1,"location":null,"numPassingAsserts":1,"retryReasons":[],"status":"passed","title":"Notify: list/create/get/patch/delete adhere to schema"},{"ancestorTitles":["API Contracts: Templates CRUD","Mongo branch"],"duration":19,"failureDetails":[],"failureMessages":[],"fullName":"API Contracts: Templates CRUD Mongo branch Doc: list/create/get/patch/delete adhere to schema","invocations":1,"location":null,"numPassingAsserts":1,"retryReasons":[],"status":"passed","title":"Doc: list/create/get/patch/delete adhere to schema"}],"endTime":1761555212882,"message":"","name":"/Users/admin/character crm/tests/api.contracts.templates.test.js","startTime":1761555212654,"status":"passed","summary":""},{"assertionResults":[{"ancestorTitles":["API /api/order-types contracts (DEV mem branch)"],"duration":46,"failureDetails":[],"failureMessages":[],"fullName":"API /api/order-types contracts (DEV mem branch) POST invalid startStatusId not in allowed → 400 ORDERTYPE_INVALID_START_STATUS","invocations":1,"location":null,"numPassingAsserts":2,"retryReasons":[],"status":"passed","title":"POST invalid startStatusId not in allowed → 400 ORDERTYPE_INVALID_START_STATUS"},{"ancestorTitles":["API /api/order-types contracts (DEV mem branch)"],"duration":51,"failureDetails":[],"failureMessages":[],"fullName":"API /api/order-types contracts (DEV mem branch) CRUD happy path and code uniqueness","invocations":1,"location":null,"numPassingAsserts":12,"retryReasons":[],"status":"passed","title":"CRUD happy path and code uniqueness"},{"ancestorTitles":["API /api/order-types contracts (DEV mem branch)"],"duration":43,"failureDetails":[],"failureMessages":[],"fullName":"API /api/order-types contracts (DEV mem branch) DELETE system type → 409 SYSTEM_TYPE","invocations":1,"location":null,"numPassingAsserts":3,"retryReasons":[],"status":"passed","title":"DELETE system type → 409 SYSTEM_TYPE"}],"endTime":1761555213062,"message":"","name":"/Users/admin/character crm/tests/orderTypes.contract.test.js","startTime":1761555212892,"status":"passed","summary":""},{"assertionResults":[{"ancestorTitles":["Payments feature flag: CASH_LOCK_STRICT","strict=0 (default rules)"],"duration":2,"failureDetails":[],"failureMessages":[],"fullName":"Payments feature flag: CASH_LOCK_STRICT strict=0 (default rules) PATCH locked with payments.lock permission → 200","invocations":1,"location":null,"numPassingAsserts":5,"retryReasons":[],"status":"passed","title":"PATCH locked with payments.lock permission → 200"},{"ancestorTitles":["Payments feature flag: CASH_LOCK_STRICT","strict=1 (forbid any PATCH for locked)"],"duration":11,"failureDetails":[],"failureMessages":[],"fullName":"Payments feature flag: CASH_LOCK_STRICT strict=1 (forbid any PATCH for locked) PATCH locked even with payments.lock → 403","invocations":1,"location":null,"numPassingAsserts":5,"retryReasons":[],"status":"passed","title":"PATCH locked even with payments.lock → 403"}],"endTime":1761555213249,"message":"","name":"/Users/admin/character crm/tests/payments.flags.lock.strict.e2e.test.js","startTime":1761555213064,"status":"passed","summary":""},{"assertionResults":[{"ancestorTitles":["Payments feature flag: PAYMENTS_REFUND_ENABLED"],"duration":71,"failureDetails":[],"failureMessages":[],"fullName":"Payments feature flag: PAYMENTS_REFUND_ENABLED refund disabled (PAYMENTS_REFUND_ENABLED=0) → 403","invocations":1,"location":null,"numPassingAsserts":2,"retryReasons":[],"status":"passed","title":"refund disabled (PAYMENTS_REFUND_ENABLED=0) → 403"},{"ancestorTitles":["Payments feature flag: PAYMENTS_REFUND_ENABLED"],"duration":76,"failureDetails":[],"failureMessages":[],"fullName":"Payments feature flag: PAYMENTS_REFUND_ENABLED refund enabled (PAYMENTS_REFUND_ENABLED=1) → 200","invocations":1,"location":null,"numPassingAsserts":3,"retryReasons":[],"status":"passed","title":"refund enabled (PAYMENTS_REFUND_ENABLED=1) → 200"}],"endTime":1761555213429,"message":"","name":"/Users/admin/character crm/tests/payments.flags.refund.e2e.test.js","startTime":1761555213254,"status":"passed","summary":""},{"assertionResults":[{"ancestorTitles":["e2e DEV: Docs + Notify → status ready → DRY pdf/email"],"duration":145,"failureDetails":[],"failureMessages":[],"fullName":"e2e DEV: Docs + Notify → status ready → DRY pdf/email templates → patch ready → no SMTP/puppeteer; artifacts saved","invocations":1,"location":null,"numPassingAsserts":7,"retryReasons":[],"status":"passed","title":"templates → patch ready → no SMTP/puppeteer; artifacts saved"}],"endTime":1761555213609,"message":"","name":"/Users/admin/character crm/tests/e2e/docs.notify.test.js","startTime":1761555213434,"status":"passed","summary":""},{"assertionResults":[{"ancestorTitles":["services/orderStatusService.changeOrderStatus"],"duration":28,"failureDetails":[],"failureMessages":[],"fullName":"services/orderStatusService.changeOrderStatus closed_success: sets closed=true and enqueues stockIssue when missing","invocations":1,"location":null,"numPassingAsserts":7,"retryReasons":[],"status":"passed","title":"closed_success: sets closed=true and enqueues stockIssue when missing"},{"ancestorTitles":["services/orderStatusService.changeOrderStatus"],"duration":52,"failureDetails":[],"failureMessages":[],"fullName":"services/orderStatusService.changeOrderStatus closed_fail: sets closed=false and does not add stockIssue","invocations":1,"location":null,"numPassingAsserts":3,"retryReasons":[],"status":"passed","title":"closed_fail: sets closed=false and does not add stockIssue"},{"ancestorTitles":["services/orderStatusService.changeOrderStatus"],"duration":29,"failureDetails":[],"failureMessages":[],"fullName":"services/orderStatusService.changeOrderStatus STATUS_NOT_ALLOWED: rejects when OrderType.allowedStatuses excludes new status","invocations":1,"location":null,"numPassingAsserts":1,"retryReasons":[],"status":"passed","title":"STATUS_NOT_ALLOWED: rejects when OrderType.allowedStatuses excludes new status"},{"ancestorTitles":["services/orderStatusService.changeOrderStatus"],"duration":27,"failureDetails":[],"failureMessages":[],"fullName":"services/orderStatusService.changeOrderStatus REOPEN_FORBIDDEN: cannot change from closed_* without orders.reopen role","invocations":1,"location":null,"numPassingAsserts":1,"retryReasons":[],"status":"passed","title":"REOPEN_FORBIDDEN: cannot change from closed_* without orders.reopen role"},{"ancestorTitles":["services/orderStatusService.changeOrderStatus"],"duration":27,"failureDetails":[],"failureMessages":[],"fullName":"services/orderStatusService.changeOrderStatus Status not found: 404","invocations":1,"location":null,"numPassingAsserts":1,"retryReasons":[],"status":"passed","title":"Status not found: 404"}],"endTime":1761555213792,"message":"","name":"/Users/admin/character crm/tests/orderStatusService.unit.test.js","startTime":1761555213615,"status":"passed","summary":""},{"assertionResults":[{"ancestorTitles":["e2e DEV: notify + print DRY_RUN — no SMTP or files"],"duration":117,"failureDetails":[],"failureMessages":[],"fullName":"e2e DEV: notify + print DRY_RUN — no SMTP or files create templates, change status, verify DRY_RUN behavior and files","invocations":1,"location":null,"numPassingAsserts":8,"retryReasons":[],"status":"passed","title":"create templates, change status, verify DRY_RUN behavior and files"}],"endTime":1761555213960,"message":"","name":"/Users/admin/character crm/tests/notify.print.e2e.dev.test.js","startTime":1761555213795,"status":"passed","summary":""},{"assertionResults":[{"ancestorTitles":["e2e PROD-like: notify sends email and print saves file"],"duration":137,"failureDetails":[],"failureMessages":[],"fullName":"e2e PROD-like: notify sends email and print saves file create templates, change status, verify email sent and file downloadable","invocations":1,"location":null,"numPassingAsserts":11,"retryReasons":[],"status":"passed","title":"create templates, change status, verify email sent and file downloadable"}],"endTime":1761555214139,"message":"","name":"/Users/admin/character crm/tests/notify.print.e2e.prodlike.test.js","startTime":1761555213970,"status":"passed","summary":""},{"assertionResults":[{"ancestorTitles":["statusActionsHandler.issueStockFromOrder (unit)"],"duration":33,"failureDetails":[],"failureMessages":[],"fullName":"statusActionsHandler.issueStockFromOrder (unit) idempotency: second stockIssue does not double-decrement or duplicate movement","invocations":1,"location":null,"numPassingAsserts":6,"retryReasons":[],"status":"passed","title":"idempotency: second stockIssue does not double-decrement or duplicate movement"},{"ancestorTitles":["statusActionsHandler.issueStockFromOrder (unit)"],"duration":39,"failureDetails":[],"failureMessages":[],"fullName":"statusActionsHandler.issueStockFromOrder (unit) creates StockItem when missing, decrements correctly, records movement payload","invocations":1,"location":null,"numPassingAsserts":7,"retryReasons":[],"status":"passed","title":"creates StockItem when missing, decrements correctly, records movement payload"},{"ancestorTitles":["statusActionsHandler.issueStockFromOrder (unit)"],"duration":54,"failureDetails":[],"failureMessages":[],"fullName":"statusActionsHandler.issueStockFromOrder (unit) skips gracefully when DB not ready and models not mocked","invocations":1,"location":null,"numPassingAsserts":1,"retryReasons":[],"status":"passed","title":"skips gracefully when DB not ready and models not mocked"}],"endTime":1761555214337,"message":"","name":"/Users/admin/character crm/tests/statusActions.issueStock.unit.test.js","startTime":1761555214145,"status":"passed","summary":""},{"assertionResults":[{"ancestorTitles":["API /api/orders contracts","PATCH /api/orders/:id/status (service branch via mongoose ready)"],"duration":60,"failureDetails":[],"failureMessages":[],"fullName":"API /api/orders contracts PATCH /api/orders/:id/status (service branch via mongoose ready) returns 200 ok from service branch","invocations":1,"location":null,"numPassingAsserts":2,"retryReasons":[],"status":"passed","title":"returns 200 ok from service branch"},{"ancestorTitles":["API /api/orders contracts","PATCH /api/orders/:id/status (service branch via mongoose ready)"],"duration":6,"failureDetails":[],"failureMessages":[],"fullName":"API /api/orders contracts PATCH /api/orders/:id/status (service branch via mongoose ready) returns 404 when order not found (service branch)","invocations":1,"location":null,"numPassingAsserts":2,"retryReasons":[],"status":"passed","title":"returns 404 when order not found (service branch)"},{"ancestorTitles":["API /api/orders contracts","PATCH /api/orders/:id/status (DEV branch)"],"duration":8,"failureDetails":[],"failureMessages":[],"fullName":"API /api/orders contracts PATCH /api/orders/:id/status (DEV branch) returns 400 when newStatusCode missing","invocations":1,"location":null,"numPassingAsserts":2,"retryReasons":[],"status":"passed","title":"returns 400 when newStatusCode missing"},{"ancestorTitles":["API /api/orders contracts","PATCH /api/orders/:id/status (DEV branch)"],"duration":2,"failureDetails":[],"failureMessages":[],"fullName":"API /api/orders contracts PATCH /api/orders/:id/status (DEV branch) returns 400 when userId missing","invocations":1,"location":null,"numPassingAsserts":2,"retryReasons":[],"status":"passed","title":"returns 400 when userId missing"},{"ancestorTitles":["API /api/orders contracts","PATCH /api/orders/:id/status (DEV branch)"],"duration":2,"failureDetails":[],"failureMessages":[],"fullName":"API /api/orders contracts PATCH /api/orders/:id/status (DEV branch) returns 403 REOPEN_FORBIDDEN without orders.reopen","invocations":1,"location":null,"numPassingAsserts":2,"retryReasons":[],"status":"passed","title":"returns 403 REOPEN_FORBIDDEN without orders.reopen"},{"ancestorTitles":["API /api/orders contracts","PATCH /api/orders/:id/status (DEV branch)"],"duration":4,"failureDetails":[],"failureMessages":[],"fullName":"API /api/orders contracts PATCH /api/orders/:id/status (DEV branch) allows reopen with orders.reopen role","invocations":1,"location":null,"numPassingAsserts":2,"retryReasons":[],"status":"passed","title":"allows reopen with orders.reopen role"},{"ancestorTitles":["API /api/orders contracts","PATCH /api/orders/:id/status (DEV branch)"],"duration":3,"failureDetails":[],"failureMessages":[],"fullName":"API /api/orders contracts PATCH /api/orders/:id/status (DEV branch) returns 403 without orders.changeStatus role","invocations":1,"location":null,"numPassingAsserts":2,"retryReasons":[],"status":"passed","title":"returns 403 without orders.changeStatus role"},{"ancestorTitles":["API /api/orders contracts","GET /api/orders/:id/status-logs"],"duration":2,"failureDetails":[],"failureMessages":[],"fullName":"API /api/orders contracts GET /api/orders/:id/status-logs returns empty array when no logs","invocations":1,"location":null,"numPassingAsserts":3,"retryReasons":[],"status":"passed","title":"returns empty array when no logs"},{"ancestorTitles":["API /api/orders contracts","GET /api/orders/:id/status-logs"],"duration":8,"failureDetails":[],"failureMessages":[],"fullName":"API /api/orders contracts GET /api/orders/:id/status-logs returns logs after status changes","invocations":1,"location":null,"numPassingAsserts":3,"retryReasons":[],"status":"passed","title":"returns logs after status changes"}],"endTime":1761555214495,"message":"","name":"/Users/admin/character crm/tests/orders.contract.test.js","startTime":1761555214344,"status":"passed","summary":""},{"assertionResults":[{"ancestorTitles":["Shop + Stock e2e: приход → продажа → списание → возврат+adjust"],"duration":116,"failureDetails":[],"failureMessages":[],"fullName":"Shop + Stock e2e: приход → продажа → списание → возврат+adjust end-to-end: receipts per location, quick sale, issue on close, refund + adjust","invocations":1,"location":null,"numPassingAsserts":25,"retryReasons":[],"status":"passed","title":"end-to-end: receipts per location, quick sale, issue on close, refund + adjust"}],"endTime":1761555214658,"message":"","name":"/Users/admin/character crm/tests/e2e/shop.stock.test.js","startTime":1761555214509,"status":"passed","summary":""},{"assertionResults":[{"ancestorTitles":["RBAC e2e"],"duration":1,"failureDetails":[],"failureMessages":[],"fullName":"RBAC e2e GET /api/statuses without role → 403","invocations":1,"location":null,"numPassingAsserts":1,"retryReasons":[],"status":"passed","title":"GET /api/statuses without role → 403"},{"ancestorTitles":["RBAC e2e"],"duration":1,"failureDetails":[],"failureMessages":[],"fullName":"RBAC e2e GET /api/statuses with settings.statuses:list → 200","invocations":1,"location":null,"numPassingAsserts":2,"retryReasons":[],"status":"passed","title":"GET /api/statuses with settings.statuses:list → 200"},{"ancestorTitles":["RBAC e2e"],"duration":2,"failureDetails":[],"failureMessages":[],"fullName":"RBAC e2e POST /api/doc-templates without role → 403","invocations":1,"location":null,"numPassingAsserts":1,"retryReasons":[],"status":"passed","title":"POST /api/doc-templates without role → 403"},{"ancestorTitles":["RBAC e2e"],"duration":2,"failureDetails":[],"failureMessages":[],"fullName":"RBAC e2e POST /api/doc-templates with settings.docs:* → 200","invocations":1,"location":null,"numPassingAsserts":2,"retryReasons":[],"status":"passed","title":"POST /api/doc-templates with settings.docs:* → 200"},{"ancestorTitles":["RBAC e2e"],"duration":1,"failureDetails":[],"failureMessages":[],"fullName":"RBAC e2e POST /api/notify/templates without role → 403","invocations":1,"location":null,"numPassingAsserts":1,"retryReasons":[],"status":"passed","title":"POST /api/notify/templates without role → 403"},{"ancestorTitles":["RBAC e2e"],"duration":1,"failureDetails":[],"failureMessages":[],"fullName":"RBAC e2e POST /api/notify/templates with settings.notify:* → 200","invocations":1,"location":null,"numPassingAsserts":2,"retryReasons":[],"status":"passed","title":"POST /api/notify/templates with settings.notify:* → 200"},{"ancestorTitles":["RBAC e2e"],"duration":0,"failureDetails":[],"failureMessages":[],"fullName":"RBAC e2e GET /api/queue/status-actions/metrics without role → 403","invocations":1,"location":null,"numPassingAsserts":1,"retryReasons":[],"status":"passed","title":"GET /api/queue/status-actions/metrics without role → 403"},{"ancestorTitles":["RBAC e2e"],"duration":2,"failureDetails":[],"failureMessages":[],"fullName":"RBAC e2e GET /api/queue/status-actions/metrics with Admin → 200","invocations":1,"location":null,"numPassingAsserts":9,"retryReasons":[],"status":"passed","title":"GET /api/queue/status-actions/metrics with Admin → 200"},{"ancestorTitles":["RBAC e2e"],"duration":0,"failureDetails":[],"failureMessages":[],"fullName":"RBAC e2e PATCH /api/orders/:id/status without role → 403","invocations":1,"location":null,"numPassingAsserts":1,"retryReasons":[],"status":"passed","title":"PATCH /api/orders/:id/status without role → 403"},{"ancestorTitles":["RBAC e2e"],"duration":1,"failureDetails":[],"failureMessages":[],"fullName":"RBAC e2e PATCH /api/orders/:id/status with orders.changeStatus → 200","invocations":1,"location":null,"numPassingAsserts":2,"retryReasons":[],"status":"passed","title":"PATCH /api/orders/:id/status with orders.changeStatus → 200"},{"ancestorTitles":["RBAC e2e"],"duration":3,"failureDetails":[],"failureMessages":[],"fullName":"RBAC e2e GET /api/orders/:id/files without role → 403","invocations":1,"location":null,"numPassingAsserts":1,"retryReasons":[],"status":"passed","title":"GET /api/orders/:id/files without role → 403"},{"ancestorTitles":["RBAC e2e"],"duration":1,"failureDetails":[],"failureMessages":[],"fullName":"RBAC e2e GET /api/orders/:id/files with docs.print → 200 and returns {ok:true}","invocations":1,"location":null,"numPassingAsserts":3,"retryReasons":[],"status":"passed","title":"GET /api/orders/:id/files with docs.print → 200 and returns {ok:true}"},{"ancestorTitles":["RBAC e2e — Users, Roles, Payments"],"duration":7,"failureDetails":[],"failureMessages":[],"fullName":"RBAC e2e — Users, Roles, Payments GET /api/users without role → 403","invocations":1,"location":null,"numPassingAsserts":1,"retryReasons":[],"status":"passed","title":"GET /api/users without role → 403"},{"ancestorTitles":["RBAC e2e — Users, Roles, Payments"],"duration":1,"failureDetails":[],"failureMessages":[],"fullName":"RBAC e2e — Users, Roles, Payments GET /api/users with Admin → 200","invocations":1,"location":null,"numPassingAsserts":2,"retryReasons":[],"status":"passed","title":"GET /api/users with Admin → 200"},{"ancestorTitles":["RBAC e2e — Users, Roles, Payments"],"duration":1,"failureDetails":[],"failureMessages":[],"fullName":"RBAC e2e — Users, Roles, Payments POST /api/users without role → 403","invocations":1,"location":null,"numPassingAsserts":1,"retryReasons":[],"status":"passed","title":"POST /api/users without role → 403"},{"ancestorTitles":["RBAC e2e — Users, Roles, Payments"],"duration":1,"failureDetails":[],"failureMessages":[],"fullName":"RBAC e2e — Users, Roles, Payments POST /api/users with Admin → 201","invocations":1,"location":null,"numPassingAsserts":2,"retryReasons":[],"status":"passed","title":"POST /api/users with Admin → 201"},{"ancestorTitles":["RBAC e2e — Users, Roles, Payments"],"duration":0,"failureDetails":[],"failureMessages":[],"fullName":"RBAC e2e — Users, Roles, Payments PUT /api/users/:id without role → 403","invocations":1,"location":null,"numPassingAsserts":1,"retryReasons":[],"status":"passed","title":"PUT /api/users/:id without role → 403"},{"ancestorTitles":["RBAC e2e — Users, Roles, Payments"],"duration":2,"failureDetails":[],"failureMessages":[],"fullName":"RBAC e2e — Users, Roles, Payments PUT /api/users/:id with Admin → 200","invocations":1,"location":null,"numPassingAsserts":2,"retryReasons":[],"status":"passed","title":"PUT /api/users/:id with Admin → 200"},{"ancestorTitles":["RBAC e2e — Users, Roles, Payments"],"duration":1,"failureDetails":[],"failureMessages":[],"fullName":"RBAC e2e — Users, Roles, Payments DELETE /api/users/:id without role → 403","invocations":1,"location":null,"numPassingAsserts":1,"retryReasons":[],"status":"passed","title":"DELETE /api/users/:id without role → 403"},{"ancestorTitles":["RBAC e2e — Users, Roles, Payments"],"duration":1,"failureDetails":[],"failureMessages":[],"fullName":"RBAC e2e — Users, Roles, Payments DELETE /api/users/:id with Admin → 200","invocations":1,"location":null,"numPassingAsserts":2,"retryReasons":[],"status":"passed","title":"DELETE /api/users/:id with Admin → 200"},{"ancestorTitles":["RBAC e2e — Users, Roles, Payments"],"duration":0,"failureDetails":[],"failureMessages":[],"fullName":"RBAC e2e — Users, Roles, Payments GET /api/roles without role → 403","invocations":1,"location":null,"numPassingAsserts":1,"retryReasons":[],"status":"passed","title":"GET /api/roles without role → 403"},{"ancestorTitles":["RBAC e2e — Users, Roles, Payments"],"duration":1,"failureDetails":[],"failureMessages":[],"fullName":"RBAC e2e — Users, Roles, Payments GET /api/roles with Admin → 200","invocations":1,"location":null,"numPassingAsserts":2,"retryReasons":[],"status":"passed","title":"GET /api/roles with Admin → 200"},{"ancestorTitles":["RBAC e2e — Users, Roles, Payments"],"duration":1,"failureDetails":[],"failureMessages":[],"fullName":"RBAC e2e — Users, Roles, Payments POST /api/roles without role → 403","invocations":1,"location":null,"numPassingAsserts":1,"retryReasons":[],"status":"passed","title":"POST /api/roles without role → 403"},{"ancestorTitles":["RBAC e2e — Users, Roles, Payments"],"duration":1,"failureDetails":[],"failureMessages":[],"fullName":"RBAC e2e — Users, Roles, Payments POST /api/roles with Admin → 201","invocations":1,"location":null,"numPassingAsserts":2,"retryReasons":[],"status":"passed","title":"POST /api/roles with Admin → 201"},{"ancestorTitles":["RBAC e2e — Users, Roles, Payments"],"duration":0,"failureDetails":[],"failureMessages":[],"fullName":"RBAC e2e — Users, Roles, Payments PUT /api/roles/:id without role → 403","invocations":1,"location":null,"numPassingAsserts":1,"retryReasons":[],"status":"passed","title":"PUT /api/roles/:id without role → 403"},{"ancestorTitles":["RBAC e2e — Users, Roles, Payments"],"duration":2,"failureDetails":[],"failureMessages":[],"fullName":"RBAC e2e — Users, Roles, Payments PUT /api/roles/:id with Admin → 200","invocations":1,"location":null,"numPassingAsserts":2,"retryReasons":[],"status":"passed","title":"PUT /api/roles/:id with Admin → 200"},{"ancestorTitles":["RBAC e2e — Users, Roles, Payments"],"duration":1,"failureDetails":[],"failureMessages":[],"fullName":"RBAC e2e — Users, Roles, Payments DELETE /api/roles/:id without role → 403","invocations":1,"location":null,"numPassingAsserts":1,"retryReasons":[],"status":"passed","title":"DELETE /api/roles/:id without role → 403"},{"ancestorTitles":["RBAC e2e — Users, Roles, Payments"],"duration":1,"failureDetails":[],"failureMessages":[],"fullName":"RBAC e2e — Users, Roles, Payments DELETE /api/roles/:id with Admin → 200","invocations":1,"location":null,"numPassingAsserts":2,"retryReasons":[],"status":"passed","title":"DELETE /api/roles/:id with Admin → 200"},{"ancestorTitles":["RBAC e2e — Users, Roles, Payments"],"duration":1,"failureDetails":[],"failureMessages":[],"fullName":"RBAC e2e — Users, Roles, Payments POST /api/payments without role → 403","invocations":1,"location":null,"numPassingAsserts":1,"retryReasons":[],"status":"passed","title":"POST /api/payments without role → 403"},{"ancestorTitles":["RBAC e2e — Users, Roles, Payments"],"duration":1,"failureDetails":[],"failureMessages":[],"fullName":"RBAC e2e — Users, Roles, Payments POST /api/payments with Finance → 200","invocations":1,"location":null,"numPassingAsserts":2,"retryReasons":[],"status":"passed","title":"POST /api/payments with Finance → 200"},{"ancestorTitles":["RBAC e2e — Users, Roles, Payments"],"duration":1,"failureDetails":[],"failureMessages":[],"fullName":"RBAC e2e — Users, Roles, Payments POST /api/payments/refund without role → 403","invocations":1,"location":null,"numPassingAsserts":1,"retryReasons":[],"status":"passed","title":"POST /api/payments/refund without role → 403"},{"ancestorTitles":["RBAC e2e — Users, Roles, Payments"],"duration":1,"failureDetails":[],"failureMessages":[],"fullName":"RBAC e2e — Users, Roles, Payments POST /api/payments/refund with Admin → 200","invocations":1,"location":null,"numPassingAsserts":2,"retryReasons":[],"status":"passed","title":"POST /api/payments/refund with Admin → 200"}],"endTime":1761555214811,"message":"","name":"/Users/admin/character crm/tests/rbac.e2e.test.js","startTime":1761555214667,"status":"passed","summary":""},{"assertionResults":[{"ancestorTitles":["orderStatusService changeOrderStatus (unit)"],"duration":30,"failureDetails":[],"failureMessages":[],"fullName":"orderStatusService changeOrderStatus (unit) adds stockIssue to actions for closed_success group when missing","invocations":1,"location":null,"numPassingAsserts":5,"retryReasons":[],"status":"passed","title":"adds stockIssue to actions for closed_success group when missing"},{"ancestorTitles":["orderStatusService changeOrderStatus (unit)"],"duration":30,"failureDetails":[],"failureMessages":[],"fullName":"orderStatusService changeOrderStatus (unit) does not duplicate stockIssue when already present","invocations":1,"location":null,"numPassingAsserts":2,"retryReasons":[],"status":"passed","title":"does not duplicate stockIssue when already present"},{"ancestorTitles":["orderStatusService changeOrderStatus (unit)"],"duration":28,"failureDetails":[],"failureMessages":[],"fullName":"orderStatusService changeOrderStatus (unit) does not add stockIssue for non closed_success statuses","invocations":1,"location":null,"numPassingAsserts":2,"retryReasons":[],"status":"passed","title":"does not add stockIssue for non closed_success statuses"}],"endTime":1761555214957,"message":"","name":"/Users/admin/character crm/tests/orderStatusService.actions.unit.test.js","startTime":1761555214817,"status":"passed","summary":""},{"assertionResults":[{"ancestorTitles":["POST /api/payments — PAYMENTS_LOCKED after closeWithoutPayment (DEV)"],"duration":104,"failureDetails":[],"failureMessages":[],"fullName":"POST /api/payments — PAYMENTS_LOCKED after closeWithoutPayment (DEV) returns 400 when order closed without payment","invocations":1,"location":null,"numPassingAsserts":4,"retryReasons":[],"status":"passed","title":"returns 400 when order closed without payment"}],"endTime":1761555215114,"message":"","name":"/Users/admin/character crm/tests/payments.locked.e2e.test.js","startTime":1761555214959,"status":"passed","summary":""},{"assertionResults":[{"ancestorTitles":["stockService.adjust"],"duration":1,"failureDetails":[],"failureMessages":[],"fullName":"stockService.adjust приход (+) увеличивает количество, создаёт операцию in","invocations":1,"location":null,"numPassingAsserts":5,"retryReasons":[],"status":"passed","title":"приход (+) увеличивает количество, создаёт операцию in"},{"ancestorTitles":["stockService.adjust"],"duration":0,"failureDetails":[],"failureMessages":[],"fullName":"stockService.adjust расход (-) уменьшает количество, создаёт операцию out","invocations":1,"location":null,"numPassingAsserts":5,"retryReasons":[],"status":"passed","title":"расход (-) уменьшает количество, создаёт операцию out"},{"ancestorTitles":["stockService.adjust"],"duration":1,"failureDetails":[],"failureMessages":[],"fullName":"stockService.adjust запрет отрицательного остатка: ошибка 409 NEGATIVE_BALANCE_FORBIDDEN","invocations":1,"location":null,"numPassingAsserts":3,"retryReasons":[],"status":"passed","title":"запрет отрицательного остатка: ошибка 409 NEGATIVE_BALANCE_FORBIDDEN"},{"ancestorTitles":["stockService.transfer"],"duration":0,"failureDetails":[],"failureMessages":[],"fullName":"stockService.transfer перемещение между локациями: happy path","invocations":1,"location":null,"numPassingAsserts":5,"retryReasons":[],"status":"passed","title":"перемещение между локациями: happy path"},{"ancestorTitles":["stockService.transfer"],"duration":1,"failureDetails":[],"failureMessages":[],"fullName":"stockService.transfer недостаток на исходной локации: ошибка 409 INSUFFICIENT_STOCK","invocations":1,"location":null,"numPassingAsserts":4,"retryReasons":[],"status":"passed","title":"недостаток на исходной локации: ошибка 409 INSUFFICIENT_STOCK"}],"endTime":1761555215173,"message":"","name":"/Users/admin/character crm/tests/unit/stockService.adjust.transfer.test.js","startTime":1761555215122,"status":"passed","summary":""},{"assertionResults":[{"ancestorTitles":["e2e: deletion guards for templates when referenced by OrderStatus.actions"],"duration":71,"failureDetails":[],"failureMessages":[],"fullName":"e2e: deletion guards for templates when referenced by OrderStatus.actions DELETE notify template referenced in OrderStatus → 400 TEMPLATE_IN_USE","invocations":1,"location":null,"numPassingAsserts":3,"retryReasons":[],"status":"passed","title":"DELETE notify template referenced in OrderStatus → 400 TEMPLATE_IN_USE"},{"ancestorTitles":["e2e: deletion guards for templates when referenced by OrderStatus.actions"],"duration":50,"failureDetails":[],"failureMessages":[],"fullName":"e2e: deletion guards for templates when referenced by OrderStatus.actions DELETE doc template referenced in OrderStatus → 400 TEMPLATE_IN_USE","invocations":1,"location":null,"numPassingAsserts":3,"retryReasons":[],"status":"passed","title":"DELETE doc template referenced in OrderStatus → 400 TEMPLATE_IN_USE"}],"endTime":1761555215327,"message":"","name":"/Users/admin/character crm/tests/templates.delete.guard.e2e.test.js","startTime":1761555215176,"status":"passed","summary":""},{"assertionResults":[{"ancestorTitles":["API /api/statuses contracts","GET /api/statuses"],"duration":42,"failureDetails":[],"failureMessages":[],"fullName":"API /api/statuses contracts GET /api/statuses returns grouped statuses when authorized (DEV fallback)","invocations":1,"location":null,"numPassingAsserts":3,"retryReasons":[],"status":"passed","title":"returns grouped statuses when authorized (DEV fallback)"},{"ancestorTitles":["API /api/statuses contracts","GET /api/statuses"],"duration":1,"failureDetails":[],"failureMessages":[],"fullName":"API /api/statuses contracts GET /api/statuses returns 403 without required role","invocations":1,"location":null,"numPassingAsserts":2,"retryReasons":[],"status":"passed","title":"returns 403 without required role"},{"ancestorTitles":["API /api/statuses contracts","POST /api/statuses"],"duration":3,"failureDetails":[],"failureMessages":[],"fullName":"API /api/statuses contracts POST /api/statuses creates status (201) and returns matching status schema","invocations":1,"location":null,"numPassingAsserts":2,"retryReasons":[],"status":"passed","title":"creates status (201) and returns matching status schema"},{"ancestorTitles":["API /api/statuses contracts","POST /api/statuses"],"duration":9,"failureDetails":[],"failureMessages":[],"fullName":"API /api/statuses contracts POST /api/statuses returns 400 on invalid code","invocations":1,"location":null,"numPassingAsserts":3,"retryReasons":[],"status":"passed","title":"returns 400 on invalid code"},{"ancestorTitles":["API /api/statuses contracts","POST /api/statuses"],"duration":3,"failureDetails":[],"failureMessages":[],"fullName":"API /api/statuses contracts POST /api/statuses returns 400 on invalid group","invocations":1,"location":null,"numPassingAsserts":3,"retryReasons":[],"status":"passed","title":"returns 400 on invalid group"},{"ancestorTitles":["API /api/statuses contracts","POST /api/statuses"],"duration":1,"failureDetails":[],"failureMessages":[],"fullName":"API /api/statuses contracts POST /api/statuses returns 409 on duplicate code","invocations":1,"location":null,"numPassingAsserts":2,"retryReasons":[],"status":"passed","title":"returns 409 on duplicate code"},{"ancestorTitles":["API /api/statuses contracts","POST /api/statuses"],"duration":2,"failureDetails":[],"failureMessages":[],"fullName":"API /api/statuses contracts POST /api/statuses returns 403 without create role","invocations":1,"location":null,"numPassingAsserts":2,"retryReasons":[],"status":"passed","title":"returns 403 without create role"},{"ancestorTitles":["API /api/statuses contracts","PUT /api/statuses/:id"],"duration":2,"failureDetails":[],"failureMessages":[],"fullName":"API /api/statuses contracts PUT /api/statuses/:id updates status and returns updated doc","invocations":1,"location":null,"numPassingAsserts":2,"retryReasons":[],"status":"passed","title":"updates status and returns updated doc"},{"ancestorTitles":["API /api/statuses contracts","PUT /api/statuses/:id"],"duration":1,"failureDetails":[],"failureMessages":[],"fullName":"API /api/statuses contracts PUT /api/statuses/:id returns 404 when status not found","invocations":1,"location":null,"numPassingAsserts":2,"retryReasons":[],"status":"passed","title":"returns 404 when status not found"},{"ancestorTitles":["API /api/statuses contracts","PUT /api/statuses/:id"],"duration":1,"failureDetails":[],"failureMessages":[],"fullName":"API /api/statuses contracts PUT /api/statuses/:id returns 400 on invalid group","invocations":1,"location":null,"numPassingAsserts":2,"retryReasons":[],"status":"passed","title":"returns 400 on invalid group"},{"ancestorTitles":["API /api/statuses contracts","PUT /api/statuses/:id"],"duration":1,"failureDetails":[],"failureMessages":[],"fullName":"API /api/statuses contracts PUT /api/statuses/:id returns 400 when modifying system code/group","invocations":1,"location":null,"numPassingAsserts":2,"retryReasons":[],"status":"passed","title":"returns 400 when modifying system code/group"},{"ancestorTitles":["API /api/statuses contracts","PUT /api/statuses/:id"],"duration":2,"failureDetails":[],"failureMessages":[],"fullName":"API /api/statuses contracts PUT /api/statuses/:id returns 409 on duplicate code at update","invocations":1,"location":null,"numPassingAsserts":2,"retryReasons":[],"status":"passed","title":"returns 409 on duplicate code at update"},{"ancestorTitles":["API /api/statuses contracts","PUT /api/statuses/:id"],"duration":2,"failureDetails":[],"failureMessages":[],"fullName":"API /api/statuses contracts PUT /api/statuses/:id returns 403 without update role","invocations":1,"location":null,"numPassingAsserts":2,"retryReasons":[],"status":"passed","title":"returns 403 without update role"},{"ancestorTitles":["API /api/statuses contracts","PATCH /api/statuses/reorder"],"duration":2,"failureDetails":[],"failureMessages":[],"fullName":"API /api/statuses contracts PATCH /api/statuses/reorder batch reorder updates statuses and reports ok","invocations":1,"location":null,"numPassingAsserts":4,"retryReasons":[],"status":"passed","title":"batch reorder updates statuses and reports ok"},{"ancestorTitles":["API /api/statuses contracts","PATCH /api/statuses/reorder"],"duration":1,"failureDetails":[],"failureMessages":[],"fullName":"API /api/statuses contracts PATCH /api/statuses/reorder returns 400 when array of items is missing","invocations":1,"location":null,"numPassingAsserts":2,"retryReasons":[],"status":"passed","title":"returns 400 when array of items is missing"},{"ancestorTitles":["API /api/statuses contracts","PATCH /api/statuses/reorder"],"duration":2,"failureDetails":[],"failureMessages":[],"fullName":"API /api/statuses contracts PATCH /api/statuses/reorder reports item error when status not found","invocations":1,"location":null,"numPassingAsserts":2,"retryReasons":[],"status":"passed","title":"reports item error when status not found"},{"ancestorTitles":["API /api/statuses contracts","PATCH /api/statuses/reorder"],"duration":1,"failureDetails":[],"failureMessages":[],"fullName":"API /api/statuses contracts PATCH /api/statuses/reorder returns error entry when modifying system group","invocations":1,"location":null,"numPassingAsserts":2,"retryReasons":[],"status":"passed","title":"returns error entry when modifying system group"},{"ancestorTitles":["API /api/statuses contracts","PATCH /api/statuses/reorder"],"duration":2,"failureDetails":[],"failureMessages":[],"fullName":"API /api/statuses contracts PATCH /api/statuses/reorder returns 403 without reorder role","invocations":1,"location":null,"numPassingAsserts":2,"retryReasons":[],"status":"passed","title":"returns 403 without reorder role"}],"endTime":1761555215457,"message":"","name":"/Users/admin/character crm/tests/statuses.contract.test.js","startTime":1761555215331,"status":"passed","summary":""},{"assertionResults":[{"ancestorTitles":["Core flow (e2e): клиент→заказ→позиции→платёж→статусы→закрытие→таймлайн"],"duration":126,"failureDetails":[],"failureMessages":[],"fullName":"Core flow (e2e): клиент→заказ→позиции→платёж→статусы→закрытие→таймлайн end-to-end core flow","invocations":1,"location":null,"numPassingAsserts":11,"retryReasons":[],"status":"passed","title":"end-to-end core flow"}],"endTime":1761555215622,"message":"","name":"/Users/admin/character crm/tests/core.flow.e2e.test.js","startTime":1761555215466,"status":"passed","summary":""},{"assertionResults":[{"ancestorTitles":["Orders lifecycle e2e — create → pay → refund → close"],"duration":83,"failureDetails":[],"failureMessages":[],"fullName":"Orders lifecycle e2e — create → pay → refund → close Full lifecycle with new client and item","invocations":1,"location":null,"numPassingAsserts":26,"retryReasons":[],"status":"passed","title":"Full lifecycle with new client and item"}],"endTime":1761555215774,"message":"","name":"/Users/admin/character crm/tests/orders.lifecycle.e2e.test.js","startTime":1761555215649,"status":"passed","summary":""},{"assertionResults":[{"ancestorTitles":["API Contracts: GET /api/queue/status-actions/metrics"],"duration":76,"failureDetails":[],"failureMessages":[],"fullName":"API Contracts: GET /api/queue/status-actions/metrics returns raw metrics object per schema","invocations":1,"location":null,"numPassingAsserts":0,"retryReasons":[],"status":"passed","title":"returns raw metrics object per schema"}],"endTime":1761555215921,"message":"","name":"/Users/admin/character crm/tests/api.contracts.queue.metrics.test.js","startTime":1761555215777,"status":"passed","summary":""},{"assertionResults":[{"ancestorTitles":["Auth contracts: response formats"],"duration":26,"failureDetails":[],"failureMessages":[],"fullName":"Auth contracts: response formats POST /api/auth/register-first → ok:true + user shape","invocations":1,"location":null,"numPassingAsserts":3,"retryReasons":[],"status":"passed","title":"POST /api/auth/register-first → ok:true + user shape"},{"ancestorTitles":["Auth contracts: response formats"],"duration":18,"failureDetails":[],"failureMessages":[],"fullName":"Auth contracts: response formats POST /api/auth/login → includes accessToken/access and refreshToken/refresh (duplicates)","invocations":1,"location":null,"numPassingAsserts":4,"retryReasons":[],"status":"passed","title":"POST /api/auth/login → includes accessToken/access and refreshToken/refresh (duplicates)"},{"ancestorTitles":["Auth contracts: response formats"],"duration":18,"failureDetails":[],"failureMessages":[],"fullName":"Auth contracts: response formats POST /api/auth/refresh → returns accessToken/access","invocations":1,"location":null,"numPassingAsserts":4,"retryReasons":[],"status":"passed","title":"POST /api/auth/refresh → returns accessToken/access"},{"ancestorTitles":["Auth contracts: response formats"],"duration":16,"failureDetails":[],"failureMessages":[],"fullName":"Auth contracts: response formats POST /api/auth/refresh invalid → 401 ok:false + error","invocations":1,"location":null,"numPassingAsserts":2,"retryReasons":[],"status":"passed","title":"POST /api/auth/refresh invalid → 401 ok:false + error"}],"endTime":1761555216046,"message":"","name":"/Users/admin/character crm/tests/auth.contract.test.js","startTime":1761555215923,"status":"passed","summary":""},{"assertionResults":[{"ancestorTitles":["statusActionsHandler: missing template references throw"],"duration":59,"failureDetails":[],"failureMessages":[],"fullName":"statusActionsHandler: missing template references throw notify: missing templateId/code → throws INVALID_REFERENCE_NOTIFY","invocations":1,"location":null,"numPassingAsserts":2,"retryReasons":[],"status":"passed","title":"notify: missing templateId/code → throws INVALID_REFERENCE_NOTIFY"},{"ancestorTitles":["statusActionsHandler: missing template references throw"],"duration":34,"failureDetails":[],"failureMessages":[],"fullName":"statusActionsHandler: missing template references throw print: missing docId/code → throws INVALID_REFERENCE_PRINT","invocations":1,"location":null,"numPassingAsserts":2,"retryReasons":[],"status":"passed","title":"print: missing docId/code → throws INVALID_REFERENCE_PRINT"}],"endTime":1761555216154,"message":"","name":"/Users/admin/character crm/tests/statusActionsHandler.validation.unit.test.js","startTime":1761555216049,"status":"passed","summary":""},{"assertionResults":[{"ancestorTitles":["PATCH /api/orders/:id/status — reopen permission (DEV)"],"duration":68,"failureDetails":[],"failureMessages":[],"fullName":"PATCH /api/orders/:id/status — reopen permission (DEV) forbids reopen closed_paid → in_work without orders.reopen","invocations":1,"location":null,"numPassingAsserts":4,"retryReasons":[],"status":"passed","title":"forbids reopen closed_paid → in_work without orders.reopen"},{"ancestorTitles":["PATCH /api/orders/:id/status — reopen permission (DEV)"],"duration":5,"failureDetails":[],"failureMessages":[],"fullName":"PATCH /api/orders/:id/status — reopen permission (DEV) allows reopen closed_paid → in_work with orders.reopen","invocations":1,"location":null,"numPassingAsserts":4,"retryReasons":[],"status":"passed","title":"allows reopen closed_paid → in_work with orders.reopen"}],"endTime":1761555216264,"message":"","name":"/Users/admin/character crm/tests/orders.reopen.e2e.test.js","startTime":1761555216162,"status":"passed","summary":""},{"assertionResults":[{"ancestorTitles":["Контракты /api/stocks*"],"duration":3,"failureDetails":[],"failureMessages":[],"fullName":"Контракты /api/stocks* GET /api/stocks возвращает список items","invocations":1,"location":null,"numPassingAsserts":4,"retryReasons":[],"status":"passed","title":"GET /api/stocks возвращает список items"},{"ancestorTitles":["Контракты /api/stocks*"],"duration":3,"failureDetails":[],"failureMessages":[],"fullName":"Контракты /api/stocks* POST /api/stocks/adjust — валидация: qty!=0","invocations":1,"location":null,"numPassingAsserts":3,"retryReasons":[],"status":"passed","title":"POST /api/stocks/adjust — валидация: qty!=0"},{"ancestorTitles":["Контракты /api/stocks*"],"duration":1,"failureDetails":[],"failureMessages":[],"fullName":"Контракты /api/stocks* POST /api/stocks/adjust — ошибка 409 NEGATIVE_BALANCE_FORBIDDEN","invocations":1,"location":null,"numPassingAsserts":3,"retryReasons":[],"status":"passed","title":"POST /api/stocks/adjust — ошибка 409 NEGATIVE_BALANCE_FORBIDDEN"},{"ancestorTitles":["Контракты /api/stocks*"],"duration":2,"failureDetails":[],"failureMessages":[],"fullName":"Контракты /api/stocks* POST /api/stocks/transfer — успешный ответ с items","invocations":1,"location":null,"numPassingAsserts":4,"retryReasons":[],"status":"passed","title":"POST /api/stocks/transfer — успешный ответ с items"},{"ancestorTitles":["Контракты /api/stocks*"],"duration":1,"failureDetails":[],"failureMessages":[],"fullName":"Контракты /api/stocks* Auth guard: 401 без пользователя","invocations":1,"location":null,"numPassingAsserts":1,"retryReasons":[],"status":"passed","title":"Auth guard: 401 без пользователя"}],"endTime":1761555216379,"message":"","name":"/Users/admin/character crm/tests/api.contracts.stocks.test.js","startTime":1761555216278,"status":"passed","summary":""},{"assertionResults":[{"ancestorTitles":["RBAC + Locations + Reports e2e (DEV)","RBAC: /api/payments"],"duration":5,"failureDetails":[],"failureMessages":[],"fullName":"RBAC + Locations + Reports e2e (DEV) RBAC: /api/payments GET /api/payments без роли → 403","invocations":1,"location":null,"numPassingAsserts":1,"retryReasons":[],"status":"passed","title":"GET /api/payments без роли → 403"},{"ancestorTitles":["RBAC + Locations + Reports e2e (DEV)","RBAC: /api/payments"],"duration":1,"failureDetails":[],"failureMessages":[],"fullName":"RBAC + Locations + Reports e2e (DEV) RBAC: /api/payments GET /api/payments роль Manager → 200","invocations":1,"location":null,"numPassingAsserts":2,"retryReasons":[],"status":"passed","title":"GET /api/payments роль Manager → 200"},{"ancestorTitles":["RBAC + Locations + Reports e2e (DEV)","RBAC: /api/payments"],"duration":1,"failureDetails":[],"failureMessages":[],"fullName":"RBAC + Locations + Reports e2e (DEV) RBAC: /api/payments GET /api/payments роль Finance → 200","invocations":1,"location":null,"numPassingAsserts":2,"retryReasons":[],"status":"passed","title":"GET /api/payments роль Finance → 200"},{"ancestorTitles":["RBAC + Locations + Reports e2e (DEV)","Данные: создание платежей в разных локациях"],"duration":2,"failureDetails":[],"failureMessages":[],"fullName":"RBAC + Locations + Reports e2e (DEV) Данные: создание платежей в разных локациях создать income loc-A (120)","invocations":1,"location":null,"numPassingAsserts":2,"retryReasons":[],"status":"passed","title":"создать income loc-A (120)"},{"ancestorTitles":["RBAC + Locations + Reports e2e (DEV)","Данные: создание платежей в разных локациях"],"duration":1,"failureDetails":[],"failureMessages":[],"fullName":"RBAC + Locations + Reports e2e (DEV) Данные: создание платежей в разных локациях создать expense loc-A (20)","invocations":1,"location":null,"numPassingAsserts":2,"retryReasons":[],"status":"passed","title":"создать expense loc-A (20)"},{"ancestorTitles":["RBAC + Locations + Reports e2e (DEV)","Данные: создание платежей в разных локациях"],"duration":1,"failureDetails":[],"failureMessages":[],"fullName":"RBAC + Locations + Reports e2e (DEV) Данные: создание платежей в разных локациях создать refund loc-B (30)","invocations":1,"location":null,"numPassingAsserts":2,"retryReasons":[],"status":"passed","title":"создать refund loc-B (30)"},{"ancestorTitles":["RBAC + Locations + Reports e2e (DEV)","Фильтр locationId: список и totals"],"duration":1,"failureDetails":[],"failureMessages":[],"fullName":"RBAC + Locations + Reports e2e (DEV) Фильтр locationId: список и totals GET /api/payments?locationId=loc-A (Finance) — только loc-A","invocations":1,"location":null,"numPassingAsserts":9,"retryReasons":[],"status":"passed","title":"GET /api/payments?locationId=loc-A (Finance) — только loc-A"},{"ancestorTitles":["RBAC + Locations + Reports e2e (DEV)","Cashflow report: группировки по кассам и итог по фильтру"],"duration":2,"failureDetails":[],"failureMessages":[],"fullName":"RBAC + Locations + Reports e2e (DEV) Cashflow report: группировки по кассам и итог по фильтру GET /api/reports/cashflow?locationId=loc-A — balance=100, касса dev-main","invocations":1,"location":null,"numPassingAsserts":9,"retryReasons":[],"status":"passed","title":"GET /api/reports/cashflow?locationId=loc-A — balance=100, касса dev-main"},{"ancestorTitles":["RBAC + Locations + Reports e2e (DEV)","Сохранение артефакта репорта"],"duration":0,"failureDetails":[],"failureMessages":[],"fullName":"RBAC + Locations + Reports e2e (DEV) Сохранение артефакта репорта write storage/reports/rbac-locations-reports.md","invocations":1,"location":null,"numPassingAsserts":1,"retryReasons":[],"status":"passed","title":"write storage/reports/rbac-locations-reports.md"}],"endTime":1761555216474,"message":"","name":"/Users/admin/character crm/tests/e2e/rbac.locations.reports.test.js","startTime":1761555216384,"status":"passed","summary":""},{"assertionResults":[{"ancestorTitles":["Payments RBAC e2e","GET /api/payments"],"duration":7,"failureDetails":[],"failureMessages":[],"fullName":"Payments RBAC e2e GET /api/payments without role → 403","invocations":1,"location":null,"numPassingAsserts":1,"retryReasons":[],"status":"passed","title":"without role → 403"},{"ancestorTitles":["Payments RBAC e2e","GET /api/payments"],"duration":1,"failureDetails":[],"failureMessages":[],"fullName":"Payments RBAC e2e GET /api/payments Manager → 200","invocations":1,"location":null,"numPassingAsserts":2,"retryReasons":[],"status":"passed","title":"Manager → 200"},{"ancestorTitles":["Payments RBAC e2e","GET /api/payments"],"duration":1,"failureDetails":[],"failureMessages":[],"fullName":"Payments RBAC e2e GET /api/payments Finance → 200","invocations":1,"location":null,"numPassingAsserts":4,"retryReasons":[],"status":"passed","title":"Finance → 200"},{"ancestorTitles":["Payments RBAC e2e","GET /api/payments"],"duration":1,"failureDetails":[],"failureMessages":[],"fullName":"Payments RBAC e2e GET /api/payments Admin → 200","invocations":1,"location":null,"numPassingAsserts":2,"retryReasons":[],"status":"passed","title":"Admin → 200"},{"ancestorTitles":["Payments RBAC e2e","POST /api/payments (create)"],"duration":2,"failureDetails":[],"failureMessages":[],"fullName":"Payments RBAC e2e POST /api/payments (create) without role → 403","invocations":1,"location":null,"numPassingAsserts":1,"retryReasons":[],"status":"passed","title":"without role → 403"},{"ancestorTitles":["Payments RBAC e2e","POST /api/payments (create)"],"duration":1,"failureDetails":[],"failureMessages":[],"fullName":"Payments RBAC e2e POST /api/payments (create) Manager → 403","invocations":1,"location":null,"numPassingAsserts":1,"retryReasons":[],"status":"passed","title":"Manager → 403"},{"ancestorTitles":["Payments RBAC e2e","POST /api/payments (create)"],"duration":1,"failureDetails":[],"failureMessages":[],"fullName":"Payments RBAC e2e POST /api/payments (create) Finance → 200","invocations":1,"location":null,"numPassingAsserts":3,"retryReasons":[],"status":"passed","title":"Finance → 200"},{"ancestorTitles":["Payments RBAC e2e","POST /api/payments (create)"],"duration":1,"failureDetails":[],"failureMessages":[],"fullName":"Payments RBAC e2e POST /api/payments (create) Admin → 200","invocations":1,"location":null,"numPassingAsserts":2,"retryReasons":[],"status":"passed","title":"Admin → 200"},{"ancestorTitles":["Payments RBAC e2e","PATCH /api/payments/:id"],"duration":1,"failureDetails":[],"failureMessages":[],"fullName":"Payments RBAC e2e PATCH /api/payments/:id without role → 403","invocations":1,"location":null,"numPassingAsserts":1,"retryReasons":[],"status":"passed","title":"without role → 403"},{"ancestorTitles":["Payments RBAC e2e","PATCH /api/payments/:id"],"duration":1,"failureDetails":[],"failureMessages":[],"fullName":"Payments RBAC e2e PATCH /api/payments/:id Manager → 403","invocations":1,"location":null,"numPassingAsserts":1,"retryReasons":[],"status":"passed","title":"Manager → 403"},{"ancestorTitles":["Payments RBAC e2e","PATCH /api/payments/:id"],"duration":1,"failureDetails":[],"failureMessages":[],"fullName":"Payments RBAC e2e PATCH /api/payments/:id Finance → 200","invocations":1,"location":null,"numPassingAsserts":3,"retryReasons":[],"status":"passed","title":"Finance → 200"},{"ancestorTitles":["Payments RBAC e2e","PATCH /api/payments/:id"],"duration":1,"failureDetails":[],"failureMessages":[],"fullName":"Payments RBAC e2e PATCH /api/payments/:id Admin → 200","invocations":1,"location":null,"numPassingAsserts":3,"retryReasons":[],"status":"passed","title":"Admin → 200"},{"ancestorTitles":["Payments RBAC e2e","POST /api/payments/:id/lock"],"duration":0,"failureDetails":[],"failureMessages":[],"fullName":"Payments RBAC e2e POST /api/payments/:id/lock without role → 403","invocations":1,"location":null,"numPassingAsserts":1,"retryReasons":[],"status":"passed","title":"without role → 403"},{"ancestorTitles":["Payments RBAC e2e","POST /api/payments/:id/lock"],"duration":1,"failureDetails":[],"failureMessages":[],"fullName":"Payments RBAC e2e POST /api/payments/:id/lock Manager → 403","invocations":1,"location":null,"numPassingAsserts":1,"retryReasons":[],"status":"passed","title":"Manager → 403"},{"ancestorTitles":["Payments RBAC e2e","POST /api/payments/:id/lock"],"duration":1,"failureDetails":[],"failureMessages":[],"fullName":"Payments RBAC e2e POST /api/payments/:id/lock Finance → 200","invocations":1,"location":null,"numPassingAsserts":3,"retryReasons":[],"status":"passed","title":"Finance → 200"},{"ancestorTitles":["Payments RBAC e2e","POST /api/payments/:id/lock"],"duration":1,"failureDetails":[],"failureMessages":[],"fullName":"Payments RBAC e2e POST /api/payments/:id/lock Admin → 200","invocations":1,"location":null,"numPassingAsserts":2,"retryReasons":[],"status":"passed","title":"Admin → 200"},{"ancestorTitles":["Payments RBAC e2e","POST /api/payments/refund"],"duration":1,"failureDetails":[],"failureMessages":[],"fullName":"Payments RBAC e2e POST /api/payments/refund without role → 403","invocations":1,"location":null,"numPassingAsserts":1,"retryReasons":[],"status":"passed","title":"without role → 403"},{"ancestorTitles":["Payments RBAC e2e","POST /api/payments/refund"],"duration":1,"failureDetails":[],"failureMessages":[],"fullName":"Payments RBAC e2e POST /api/payments/refund Manager → 403","invocations":1,"location":null,"numPassingAsserts":1,"retryReasons":[],"status":"passed","title":"Manager → 403"},{"ancestorTitles":["Payments RBAC e2e","POST /api/payments/refund"],"duration":1,"failureDetails":[],"failureMessages":[],"fullName":"Payments RBAC e2e POST /api/payments/refund Finance → 200","invocations":1,"location":null,"numPassingAsserts":2,"retryReasons":[],"status":"passed","title":"Finance → 200"},{"ancestorTitles":["Payments RBAC e2e","POST /api/payments/refund"],"duration":1,"failureDetails":[],"failureMessages":[],"fullName":"Payments RBAC e2e POST /api/payments/refund Admin → 200","invocations":1,"location":null,"numPassingAsserts":2,"retryReasons":[],"status":"passed","title":"Admin → 200"}],"endTime":1761555216576,"message":"","name":"/Users/admin/character crm/tests/payments.rbac.e2e.test.js","startTime":1761555216476,"status":"passed","summary":""},{"assertionResults":[{"ancestorTitles":["Shop sales e2e: list/create/get/refund"],"duration":87,"failureDetails":[],"failureMessages":[],"fullName":"Shop sales e2e: list/create/get/refund create sale → 201 and id is returned","invocations":1,"location":null,"numPassingAsserts":23,"retryReasons":[],"status":"passed","title":"create sale → 201 and id is returned"}],"endTime":1761555216691,"message":"","name":"/Users/admin/character crm/tests/e2e/shop.sales.e2e.test.js","startTime":1761555216578,"status":"passed","summary":""},{"assertionResults":[{"ancestorTitles":["TTL cache e2e — statuses & doc-templates"],"duration":36,"failureDetails":[],"failureMessages":[],"fullName":"TTL cache e2e — statuses & doc-templates GET /api/statuses — second request served from cache (hit)","invocations":1,"location":null,"numPassingAsserts":5,"retryReasons":[],"status":"passed","title":"GET /api/statuses — second request served from cache (hit)"},{"ancestorTitles":["TTL cache e2e — statuses & doc-templates"],"duration":5,"failureDetails":[],"failureMessages":[],"fullName":"TTL cache e2e — statuses & doc-templates GET /api/statuses — cache invalidated after POST","invocations":1,"location":null,"numPassingAsserts":6,"retryReasons":[],"status":"passed","title":"GET /api/statuses — cache invalidated after POST"},{"ancestorTitles":["TTL cache e2e — statuses & doc-templates"],"duration":4,"failureDetails":[],"failureMessages":[],"fullName":"TTL cache e2e — statuses & doc-templates GET /api/doc-templates — hit after warm, miss after POST","invocations":1,"location":null,"numPassingAsserts":9,"retryReasons":[],"status":"passed","title":"GET /api/doc-templates — hit after warm, miss after POST"}],"endTime":1761555216768,"message":"","name":"/Users/admin/character crm/tests/cache.statuses.docTemplates.e2e.test.js","startTime":1761555216695,"status":"passed","summary":""},{"assertionResults":[{"ancestorTitles":["API /api/order-types e2e (DB branch via mongoose ready)"],"duration":51,"failureDetails":[],"failureMessages":[],"fullName":"API /api/order-types e2e (DB branch via mongoose ready) DELETE system type → 409 SYSTEM_TYPE","invocations":1,"location":null,"numPassingAsserts":2,"retryReasons":[],"status":"passed","title":"DELETE system type → 409 SYSTEM_TYPE"},{"ancestorTitles":["API /api/order-types e2e (DB branch via mongoose ready)"],"duration":2,"failureDetails":[],"failureMessages":[],"fullName":"API /api/order-types e2e (DB branch via mongoose ready) DELETE type in use by orders → 409 ORDERTYPE_IN_USE","invocations":1,"location":null,"numPassingAsserts":2,"retryReasons":[],"status":"passed","title":"DELETE type in use by orders → 409 ORDERTYPE_IN_USE"},{"ancestorTitles":["API /api/order-types e2e (DB branch via mongoose ready)"],"duration":2,"failureDetails":[],"failureMessages":[],"fullName":"API /api/order-types e2e (DB branch via mongoose ready) POST /api/orders with orderTypeId sets initial status from startStatusId","invocations":1,"location":null,"numPassingAsserts":3,"retryReasons":[],"status":"passed","title":"POST /api/orders with orderTypeId sets initial status from startStatusId"},{"ancestorTitles":["API /api/order-types e2e (DB branch via mongoose ready)"],"duration":10,"failureDetails":[],"failureMessages":[],"fullName":"API /api/order-types e2e (DB branch via mongoose ready) PATCH /api/orders/:id/status to not-allowed → 409 STATUS_NOT_ALLOWED","invocations":1,"location":null,"numPassingAsserts":2,"retryReasons":[],"status":"passed","title":"PATCH /api/orders/:id/status to not-allowed → 409 STATUS_NOT_ALLOWED"}],"endTime":1761555216865,"message":"","name":"/Users/admin/character crm/tests/orderTypes.e2e.test.js","startTime":1761555216770,"status":"passed","summary":""},{"assertionResults":[{"ancestorTitles":["Payments feature flag: DEFAULT_CASH_REGISTER"],"duration":84,"failureDetails":[],"failureMessages":[],"fullName":"Payments feature flag: DEFAULT_CASH_REGISTER auto-fill cashRegisterId in DEV when not provided","invocations":1,"location":null,"numPassingAsserts":5,"retryReasons":[],"status":"passed","title":"auto-fill cashRegisterId in DEV when not provided"}],"endTime":1761555216981,"message":"","name":"/Users/admin/character crm/tests/payments.flags.defaultCash.e2e.test.js","startTime":1761555216868,"status":"passed","summary":""},{"asserti
[...]
}},"type":"binary-expr","locations":[{"start":{"line":195,"column":21},"end":{"line":195,"column":23}},{"start":{"line":195,"column":27},"end":{"line":195,"column":36}}],"line":195},"65":{"loc":{"start":{"line":195,"column":50},"end":{"line":195,"column":75}},"type":"binary-expr","locations":[{"start":{"line":195,"column":50},"end":{"line":195,"column":52}},{"start":{"line":195,"column":56},"end":{"line":195,"column":75}}],"line":195},"66":{"loc":{"start":{"line":195,"column":63},"end":{"line":195,"column":74}},"type":"binary-expr","locations":[{"start":{"line":195,"column":63},"end":{"line":195,"column":69}},{"start":{"line":195,"column":73},"end":{"line":195,"column":74}}],"line":195},"67":{"loc":{"start":{"line":196,"column":6},"end":{"line":196,"column":40}},"type":"if","locations":[{"start":{"line":196,"column":6},"end":{"line":196,"column":40}},{"start":{},"end":{}}],"line":196},"68":{"loc":{"start":{"line":196,"column":10},"end":{"line":196,"column":29}},"type":"binary-expr","locations":[{"start":{"line":196,"column":10},"end":{"line":196,"column":17}},{"start":{"line":196,"column":21},"end":{"line":196,"column":29}}],"line":196},"69":{"loc":{"start":{"line":201,"column":6},"end":{"line":201,"column":44}},"type":"if","locations":[{"start":{"line":201,"column":6},"end":{"line":201,"column":44}},{"start":{},"end":{}}],"line":201},"70":{"loc":{"start":{"line":213,"column":15},"end":{"line":213,"column":26}},"type":"binary-expr","locations":[{"start":{"line":213,"column":15},"end":{"line":213,"column":17}},{"start":{"line":213,"column":21},"end":{"line":213,"column":26}}],"line":213},"71":{"loc":{"start":{"line":219,"column":61},"end":{"line":219,"column":71}},"type":"binary-expr","locations":[{"start":{"line":219,"column":61},"end":{"line":219,"column":62}},{"start":{"line":219,"column":66},"end":{"line":219,"column":71}}],"line":219},"72":{"loc":{"start":{"line":223,"column":31},"end":{"line":223,"column":49}},"type":"binary-expr","locations":[{"start":{"line":223,"column":31},"end":{"line":223,"column":34}},{"start":{"line":223,"column":38},"end":{"line":223,"column":49}}],"line":223},"73":{"loc":{"start":{"line":223,"column":63},"end":{"line":223,"column":84}},"type":"binary-expr","locations":[{"start":{"line":223,"column":63},"end":{"line":223,"column":66}},{"start":{"line":223,"column":70},"end":{"line":223,"column":84}}],"line":223}},"s":{"0":46,"1":46,"2":46,"3":46,"4":46,"5":46,"6":46,"7":46,"8":31,"9":46,"10":6,"11":6,"12":6,"13":100,"14":100,"15":26,"16":4,"17":0,"18":4,"19":0,"20":4,"21":4,"22":2,"23":4,"24":0,"25":4,"26":4,"27":8,"28":0,"29":8,"30":0,"31":8,"32":8,"33":8,"34":8,"35":8,"36":8,"37":8,"38":8,"39":8,"40":3,"41":5,"42":5,"43":5,"44":5,"45":5,"46":5,"47":5,"48":3,"49":3,"50":3,"51":3,"52":6,"53":0,"54":6,"55":0,"56":6,"57":6,"58":6,"59":6,"60":6,"61":6,"62":6,"63":6,"64":6,"65":2,"66":4,"67":4,"68":4,"69":4,"70":4,"71":4,"72":4,"73":4,"74":2,"75":2,"76":2,"77":2,"78":8,"79":0,"80":8,"81":0,"82":8,"83":8,"84":0,"85":8,"86":8,"87":0,"88":8,"89":8,"90":8,"91":8,"92":8,"93":8,"94":8,"95":8,"96":8,"97":0,"98":8,"99":8,"100":8,"101":2,"102":2,"103":6,"104":6,"105":6,"106":6,"107":6,"108":1,"109":5,"110":5,"111":5,"112":5,"113":7,"114":7,"115":7,"116":5,"117":1,"118":1,"119":1,"120":1,"121":5,"122":0,"123":5,"124":0,"125":5,"126":5,"127":0,"128":5,"129":5,"130":0,"131":5,"132":5,"133":5,"134":5,"135":5,"136":5,"137":5,"138":5,"139":5,"140":0,"141":5,"142":5,"143":5,"144":2,"145":2,"146":3,"147":3,"148":3,"149":3,"150":5,"151":5,"152":5,"153":3,"154":0,"155":0,"156":0,"157":0,"158":46},"f":{"0":31,"1":6,"2":100,"3":4,"4":8,"5":6,"6":8,"7":5,"8":5,"9":3},"b":{"0":[31,31],"1":[0],"2":[0],"3":[0,4],"4":[0,4],"5":[2,2],"6":[0,4],"7":[0,8],"8":[8,8],"9":[0,8],"10":[4,4],"11":[4,0],"12":[8,0],"13":[3,5],"14":[5,0],"15":[4,1],"16":[5,0],"17":[5,0],"18":[1,4],"19":[4,1],"20":[5,5,5],"21":[0,6],"22":[6,6],"23":[0,6],"24":[6,0],"25":[6,0],"26":[2,4],"27":[6,0],"28":[4,0],"29":[4,0],"30":[4,0],"31":[4,4,4],"32":[0,8],"33":[8,8,8],"34":[0,8],"35":[0,8],"36":[8,8],"37":[3,5],"38":[5,0],"39":[0,8],"40":[8,8],"41":[8,8],"42":[8,0],"43":[0,8],"44":[8,8],"45":[2,6],"46":[6,0],"47":[6,0],"48":[6,0],"49":[6,3],"50":[1,5],"51":[5,5],"52":[5,5],"53":[1,1],"54":[1,1],"55":[0,5],"56":[5,5,5],"57":[0,5],"58":[0,5],"59":[5,5],"60":[5,0],"61":[0,0],"62":[0,0],"63":[0,5],"64":[5,5],"65":[5,5],"66":[5,0],"67":[0,5],"68":[5,5],"69":[2,3],"70":[3,3],"71":[3,3],"72":[0,0],"73":[0,0]},"_coverageSchema":"1a1c01bbd47fc00a2c39e90264f33305004495a9","hash":"0e0053c3fe2bede661765178a29ecf5e7facd9de"},"/Users/admin/character crm/services/reports/stocksReportService.js":{"path":"/Users/admin/character crm/services/reports/stocksReportService.js","statementMap":{"0":{"start":{"line":1,"column":17},"end":{"line":1,"column":36}},"1":{"start":{"line":4,"column":0},"end":{"line":4,"column":79}},"2":{"start":{"line":4,"column":6},"end":{"line":4,"column":64}},"3":{"start":{"line":5,"column":0},"end":{"line":5,"column":83}},"4":{"start":{"line":5,"column":6},"end":{"line":5,"column":68}},"5":{"start":{"line":7,"column":19},"end":{"line":7,"column":84}},"6":{"start":{"line":7,"column":25},"end":{"line":7,"column":84}},"7":{"start":{"line":8,"column":18},"end":{"line":8,"column":119}},"8":{"start":{"line":8,"column":57},"end":{"line":8,"column":75}},"9":{"start":{"line":8,"column":77},"end":{"line":8,"column":105}},"10":{"start":{"line":8,"column":106},"end":{"line":8,"column":117}},"11":{"start":{"line":11,"column":12},"end":{"line":11,"column":46}},"12":{"start":{"line":12,"column":2},"end":{"line":12,"column":35}},"13":{"start":{"line":17,"column":2},"end":{"line":17,"column":65}},"14":{"start":{"line":17,"column":21},"end":{"line":17,"column":65}},"15":{"start":{"line":18,"column":2},"end":{"line":18,"column":66}},"16":{"start":{"line":18,"column":21},"end":{"line":18,"column":66}},"17":{"start":{"line":20,"column":14},"end":{"line":24,"column":4}},"18":{"start":{"line":26,"column":17},"end":{"line":29,"column":5}},"19":{"start":{"line":26,"column":35},"end":{"line":29,"column":3}},"20":{"start":{"line":30,"column":19},"end":{"line":30,"column":67}},"21":{"start":{"line":30,"column":45},"end":{"line":30,"column":63}},"22":{"start":{"line":31,"column":2},"end":{"line":31,"column":40}},"23":{"start":{"line":36,"column":2},"end":{"line":36,"column":67}},"24":{"start":{"line":36,"column":23},"end":{"line":36,"column":67}},"25":{"start":{"line":37,"column":2},"end":{"line":37,"column":88}},"26":{"start":{"line":37,"column":21},"end":{"line":37,"column":88}},"27":{"start":{"line":39,"column":16},"end":{"line":39,"column":18}},"28":{"start":{"line":40,"column":13},"end":{"line":40,"column":28}},"29":{"start":{"line":41,"column":13},"end":{"line":41,"column":26}},"30":{"start":{"line":42,"column":2},"end":{"line":46,"column":3}},"31":{"start":{"line":43,"column":4},"end":{"line":43,"column":25}},"32":{"start":{"line":44,"column":4},"end":{"line":44,"column":38}},"33":{"start":{"line":44,"column":12},"end":{"line":44,"column":38}},"34":{"start":{"line":45,"column":4},"end":{"line":45,"column":38}},"35":{"start":{"line":45,"column":12},"end":{"line":45,"column":38}},"36":{"start":{"line":48,"column":20},"end":{"line":51,"column":4}},"37":{"start":{"line":52,"column":16},"end":{"line":52,"column":17}},"38":{"start":{"line":52,"column":34},"end":{"line":52,"column":35}},"39":{"start":{"line":53,"column":2},"end":{"line":58,"column":5}},"40":{"start":{"line":54,"column":14},"end":{"line":54,"column":35}},"41":{"start":{"line":55,"column":14},"end":{"line":55,"column":34}},"42":{"start":{"line":56,"column":4},"end":{"line":57,"column":40}},"43":{"start":{"line":56,"column":38},"end":{"line":56,"column":51}},"44":{"start":{"line":57,"column":9},"end":{"line":57,"column":40}},"45":{"start":{"line":57,"column":26},"end":{"line":57,"column":40}},"46":{"start":{"line":60,"column":20},"end":{"line":63,"column":4}},"47":{"start":{"line":64,"column":14},"end":{"line":64,"column":23}},"48":{"start":{"line":65,"column":2},"end":{"line":72,"column":5}},"49":{"start":{"line":66,"column":15},"end":{"line":66,"column":43}},"50":{"start":{"line":67,"column":14},"end":{"line":67,"column":40}},"51":{"start":{"line":68,"column":14},"end":{"line":68,"column":34}},"52":{"start":{"line":69,"column":16},"end":{"line":69,"column":60}},"53":{"start":{"line":70,"column":4},"end":{"line":70,"column":86}},"54":{"start":{"line":70,"column":38},"end":{"line":70,"column":50}},"55":{"start":{"line":70,"column":56},"end":{"line":70,"column":86}},"56":{"start":{"line":70,"column":73},"end":{"line":70,"column":86}},"57":{"start":{"line":71,"column":4},"end":{"line":71,"column":21}},"58":{"start":{"line":73,"column":17},"end":{"line":76,"column":62}},"59":{"start":{"line":74,"column":17},"end":{"line":74,"column":78}},"60":{"start":{"line":75,"column":20},"end":{"line":75,"column":51}},"61":{"start":{"line":78,"column":2},"end":{"line":78,"column":95}},"62":{"start":{"line":81,"column":0},"end":{"line":81,"column":49}}},"fnMap":{"0":{"name":"(anonymous_0)","decl":{"start":{"line":7,"column":19},"end":{"line":7,"column":20}},"loc":{"start":{"line":7,"column":25},"end":{"line":7,"column":84}},"line":7},"1":{"name":"(anonymous_1)","decl":{"start":{"line":8,"column":18},"end":{"line":8,"column":19}},"loc":{"start":{"line":8,"column":43},"end":{"line":8,"column":119}},"line":8},"2":{"name":"parseDate","decl":{"start":{"line":10,"column":9},"end":{"line":10,"column":18}},"loc":{"start":{"line":10,"column":24},"end":{"line":13,"column":1}},"line":10},"3":{"name":"summaryByLocation","decl":{"start":{"line":16,"column":15},"end":{"line":16,"column":32}},"loc":{"start":{"line":16,"column":54},"end":{"line":32,"column":1}},"line":16},"4":{"name":"(anonymous_4)","decl":{"start":{"line":26,"column":25},"end":{"line":26,"column":26}},"loc":{"start":{"line":26,"column":35},"end":{"line":29,"column":3}},"line":26},"5":{"name":"(anonymous_5)","decl":{"start":{"line":30,"column":33},"end":{"line":30,"column":34}},"loc":{"start":{"line":30,"column":45},"end":{"line":30,"column":63}},"line":30},"6":{"name":"turnover","decl":{"start":{"line":35,"column":15},"end":{"line":35,"column":23}},"loc":{"start":{"line":35,"column":55},"end":{"line":79,"column":1}},"line":35},"7":{"name":"(anonymous_7)","decl":{"start":{"line":53,"column":20},"end":{"line":53,"column":21}},"loc":{"start":{"line":53,"column":29},"end":{"line":58,"column":3}},"line":53},"8":{"name":"(anonymous_8)","decl":{"start":{"line":65,"column":20},"end":{"line":65,"column":21}},"loc":{"start":{"line":65,"column":29},"end":{"line":72,"column":3}},"line":65},"9":{"name":"(anonymous_9)","decl":{"start":{"line":74,"column":9},"end":{"line":74,"column":10}},"loc":{"start":{"line":74,"column":17},"end":{"line":74,"column":78}},"line":74},"10":{"name":"(anonymous_10)","decl":{"start":{"line":75,"column":10},"end":{"line":75,"column":11}},"loc":{"start":{"line":75,"column":20},"end":{"line":75,"column":51}},"line":75}},"branchMap":{"0":{"loc":{"start":{"line":7,"column":25},"end":{"line":7,"column":84}},"type":"binary-expr","locations":[{"start":{"line":7,"column":25},"end":{"line":7,"column":44}},{"start":{"line":7,"column":48},"end":{"line":7,"column":84}}],"line":7},"1":{"loc":{"start":{"line":11,"column":12},"end":{"line":11,"column":46}},"type":"cond-expr","locations":[{"start":{"line":11,"column":18},"end":{"line":11,"column":39}},{"start":{"line":11,"column":42},"end":{"line":11,"column":46}}],"line":11},"2":{"loc":{"start":{"line":12,"column":9},"end":{"line":12,"column":34}},"type":"cond-expr","locations":[{"start":{"line":12,"column":26},"end":{"line":12,"column":27}},{"start":{"line":12,"column":30},"end":{"line":12,"column":34}}],"line":12},"3":{"loc":{"start":{"line":12,"column":9},"end":{"line":12,"column":23}},"type":"binary-expr","locations":[{"start":{"line":12,"column":9},"end":{"line":12,"column":10}},{"start":{"line":12,"column":14},"end":{"line":12,"column":23}}],"line":12},"4":{"loc":{"start":{"line":16,"column":33},"end":{"line":16,"column":52}},"type":"default-arg","locations":[{"start":{"line":16,"column":50},"end":{"line":16,"column":52}}],"line":16},"5":{"loc":{"start":{"line":16,"column":35},"end":{"line":16,"column":45}},"type":"default-arg","locations":[{"start":{"line":16,"column":43},"end":{"line":16,"column":45}}],"line":16},"6":{"loc":{"start":{"line":17,"column":2},"end":{"line":17,"column":65}},"type":"if","locations":[{"start":{"line":17,"column":2},"end":{"line":17,"column":65}},{"start":{},"end":{}}],"line":17},"7":{"loc":{"start":{"line":18,"column":2},"end":{"line":18,"column":66}},"type":"if","locations":[{"start":{"line":18,"column":2},"end":{"line":18,"column":66}},{"start":{},"end":{}}],"line":18},"8":{"loc":{"start":{"line":23,"column":40},"end":{"line":23,"column":59}},"type":"binary-expr","locations":[{"start":{"line":23,"column":40},"end":{"line":23,"column":53}},{"start":{"line":23,"column":57},"end":{"line":23,"column":59}}],"line":23},"9":{"loc":{"start":{"line":27,"column":16},"end":{"line":27,"column":53}},"type":"cond-expr","locations":[{"start":{"line":27,"column":26},"end":{"line":27,"column":41}},{"start":{"line":27,"column":44},"end":{"line":27,"column":53}}],"line":27},"10":{"loc":{"start":{"line":28,"column":26},"end":{"line":28,"column":41}},"type":"binary-expr","locations":[{"start":{"line":28,"column":26},"end":{"line":28,"column":36}},{"start":{"line":28,"column":40},"end":{"line":28,"column":41}}],"line":28},"11":{"loc":{"start":{"line":28,"column":61},"end":{"line":28,"column":81}},"type":"binary-expr","locations":[{"start":{"line":28,"column":61},"end":{"line":28,"column":76}},{"start":{"line":28,"column":80},"end":{"line":28,"column":81}}],"line":28},"12":{"loc":{"start":{"line":28,"column":102},"end":{"line":28,"column":117}},"type":"binary-expr","locations":[{"start":{"line":28,"column":102},"end":{"line":28,"column":112}},{"start":{"line":28,"column":116},"end":{"line":28,"column":117}}],"line":28},"13":{"loc":{"start":{"line":28,"column":128},"end":{"line":28,"column":148}},"type":"binary-expr","locations":[{"start":{"line":28,"column":128},"end":{"line":28,"column":143}},{"start":{"line":28,"column":147},"end":{"line":28,"column":148}}],"line":28},"14":{"loc":{"start":{"line":35,"column":24},"end":{"line":35,"column":53}},"type":"default-arg","locations":[{"start":{"line":35,"column":51},"end":{"line":35,"column":53}}],"line":35},"15":{"loc":{"start":{"line":35,"column":36},"end":{"line":35,"column":46}},"type":"default-arg","locations":[{"start":{"line":35,"column":44},"end":{"line":35,"column":46}}],"line":35},"16":{"loc":{"start":{"line":36,"column":2},"end":{"line":36,"column":67}},"type":"if","locations":[{"start":{"line":36,"column":2},"end":{"line":36,"column":67}},{"start":{},"end":{}}],"line":36},"17":{"loc":{"start":{"line":37,"column":2},"end":{"line":37,"column":88}},"type":"if","locations":[{"start":{"line":37,"column":2},"end":{"line":37,"column":88}},{"start":{},"end":{}}],"line":37},"18":{"loc":{"start":{"line":42,"column":2},"end":{"line":46,"column":3}},"type":"if","locations":[{"start":{"line":42,"column":2},"end":{"line":46,"column":3}},{"start":{},"end":{}}],"line":42},"19":{"loc":{"start":{"line":42,"column":6},"end":{"line":42,"column":14}},"type":"binary-expr","locations":[{"start":{"line":42,"column":6},"end":{"line":42,"column":8}},{"start":{"line":42,"column":12},"end":{"line":42,"column":14}}],"line":42},"20":{"loc":{"start":{"line":44,"column":4},"end":{"line":44,"column":38}},"type":"if","locations":[{"start":{"line":44,"column":4},"end":{"line":44,"column":38}},{"start":{},"end":{}}],"line":44},"21":{"loc":{"start":{"line":45,"column":4},"end":{"line":45,"column":38}},"type":"if","locations":[{"start":{"line":45,"column":4},"end":{"line":45,"column":38}},{"start":{},"end":{}}],"line":45},"22":{"loc":{"start":{"line":54,"column":21},"end":{"line":54,"column":34}},"type":"binary-expr","locations":[{"start":{"line":54,"column":21},"end":{"line":54,"column":28}},{"start":{"line":54,"column":32},"end":{"line":54,"column":34}}],"line":54},"23":{"loc":{"start":{"line":55,"column":21},"end":{"line":55,"column":33}},"type":"binary-expr","locations":[{"start":{"line":55,"column":21},"end":{"line":55,"column":28}},{"start":{"line":55,"column":32},"end":{"line":55,"column":33}}],"line":55},"24":{"loc":{"start":{"line":56,"column":4},"end":{"line":57,"column":40}},"type":"if","locations":[{"start":{"line":56,"column":4},"end":{"line":57,"column":40}},{"start":{"line":57,"column":9},"end":{"line":57,"column":40}}],"line":56},"25":{"loc":{"start":{"line":56,"column":8},"end":{"line":56,"column":36}},"type":"binary-expr","locations":[{"start":{"line":56,"column":8},"end":{"line":56,"column":18}},{"start":{"line":56,"column":22},"end":{"line":56,"column":36}}],"line":56},"26":{"loc":{"start":{"line":57,"column":9},"end":{"line":57,"column":40}},"type":"if","locations":[{"start":{"line":57,"column":9},"end":{"line":57,"column":40}},{"start":{},"end":{}}],"line":57},"27":{"loc":{"start":{"line":66,"column":22},"end":{"line":66,"column":42}},"type":"binary-expr","locations":[{"start":{"line":66,"column":22},"end":{"line":66,"column":36}},{"start":{"line":66,"column":40},"end":{"line":66,"column":42}}],"line":66},"28":{"loc":{"start":{"line":67,"column":21},"end":{"line":67,"column":39}},"type":"binary-expr","locations":[{"start":{"line":67,"column":21},"end":{"line":67,"column":33}},{"start":{"line":67,"column":37},"end":{"line":67,"column":39}}],"line":67},"29":{"loc":{"start":{"line":68,"column":21},"end":{"line":68,"column":33}},"type":"binary-expr","locations":[{"start":{"line":68,"column":21},"end":{"line":68,"column":28}},{"start":{"line":68,"column":32},"end":{"line":68,"column":33}}],"line":68},"30":{"loc":{"start":{"line":69,"column":16},"end":{"line":69,"column":60}},"type":"binary-expr","locations":[{"start":{"line":69,"column":16},"end":{"line":69,"column":27}},{"start":{"line":69,"column":31},"end":{"line":69,"column":60}}],"line":69},"31":{"loc":{"start":{"line":70,"column":4},"end":{"line":70,"column":86}},"type":"if","locations":[{"start":{"line":70,"column":4},"end":{"line":70,"column":86}},{"start":{"line":70,"column":56},"end":{"line":70,"column":86}}],"line":70},"32":{"loc":{"start":{"line":70,"column":8},"end":{"line":70,"column":36}},"type":"binary-expr","locations":[{"start":{"line":70,"column":8},"end":{"line":70,"column":18}},{"start":{"line":70,"column":22},"end":{"line":70,"column":36}}],"line":70},"33":{"loc":{"start":{"line":70,"column":56},"end":{"line":70,"column":86}},"type":"if","locations":[{"start":{"line":70,"column":56},"end":{"line":70,"column":86}},{"start":{},"end":{}}],"line":70},"34":{"loc":{"start":{"line":76,"column":40},"end":{"line":76,"column":59}},"type":"binary-expr","locations":[{"start":{"line":76,"column":40},"end":{"line":76,"column":53}},{"start":{"line":76,"column":57},"end":{"line":76,"column":59}}],"line":76}},"s":{"0":2,"1":2,"2":2,"3":2,"4":2,"5":2,"6":10,"7":2,"8":0,"9":0,"10":0,"11":10,"12":10,"13":4,"14":0,"15":4,"16":1,"17":3,"18":3,"19":6,"20":3,"21":6,"22":3,"23":6,"24":0,"25":6,"26":1,"27":5,"28":5,"29":5,"30":5,"31":2,"32":2,"33":2,"34":2,"35":2,"36":5,"37":5,"38":5,"39":5,"40":12,"41":12,"42":12,"43":7,"44":5,"45":5,"46":5,"47":5,"48":5,"49":16,"50":16,"51":16,"52":16,"53":16,"54":9,"55":7,"56":7,"57":16,"58":5,"59":7,"60":2,"61":5,"62":2},"f":{"0":10,"1":0,"2":10,"3":4,"4":6,"5":6,"6":6,"7":12,"8":16,"9":7,"10":2},"b":{"0":[10,10],"1":[6,4],"2":[4,6],"3":[10,6],"4":[0],"5":[0],"6":[0,4],"7":[1,3],"8":[3,0],"9":[6,0],"10":[6,0],"11":[6,0],"12":[6,0],"13":[6,0],"14":[0],"15":[2],"16":[0,6],"17":[1,5],"18":[2,3],"19":[5,3],"20":[2,0],"21":[2,0],"22":[12,0],"23":[12,0],"24":[7,5],"25":[12,7],"26":[5,0],"27":[16,0],"28":[16,0],"29":[16,0],"30":[16,7],"31":[9,7],"32":[16,9],"33":[7,0],"34":[5,0]},"_coverageSchema":"1a1c01bbd47fc00a2c39e90264f33305004495a9","hash":"417e14c34efd55a21af3c4f497a427db505be3c6"}}}
